<?xml version="1.0" encoding="UTF-8"?>
<testng-results ignored="0" total="154" passed="154" failed="0" skipped="0">
  <reporter-output>
  </reporter-output>
  <suite started-at="2023-07-12T16:12:20 GMT-04:00" name="Default suite" finished-at="2023-07-12T16:17:41 GMT-04:00" duration-ms="320294">
    <groups>
      <group name="cucumber">
        <method signature="AbstractTestNGCucumberTests.runScenario(io.cucumber.testng.PickleWrapper,io.cucumber.testng.FeatureWrapper)[pri:0, instance:dsAlgo_TestRunner.TestRunner@2250b9f2]" name="runScenario" class="io.cucumber.testng.AbstractTestNGCucumberTests"/>
      </group> <!-- cucumber -->
    </groups>
    <test started-at="2023-07-12T16:12:20 GMT-04:00" name="Default test" finished-at="2023-07-12T16:17:41 GMT-04:00" duration-ms="320294">
      <class name="dsAlgo_TestRunner.TestRunner">
        <test-method is-config="true" signature="setUpClass(org.testng.ITestContext)[pri:0, instance:dsAlgo_TestRunner.TestRunner@2250b9f2]" started-at="2023-07-12T16:12:20 GMT-04:00" name="setUpClass" finished-at="2023-07-12T16:12:31 GMT-04:00" duration-ms="10711" status="PASS">
          <params>
            <param index="0">
              <value>
                <![CDATA[org.testng.TestRunner@339dbd0e]]>
              </value>
            </param>
          </params>
          <reporter-output>
          </reporter-output>
        </test-method> <!-- setUpClass -->
        <test-method signature="runScenario(io.cucumber.testng.PickleWrapper,io.cucumber.testng.FeatureWrapper)[pri:0, instance:dsAlgo_TestRunner.TestRunner@2250b9f2]" started-at="2023-07-12T16:12:31 GMT-04:00" name="runScenario" description="Runs Cucumber Scenarios" data-provider="scenarios" finished-at="2023-07-12T16:12:34 GMT-04:00" duration-ms="3244" status="PASS">
          <params>
            <param index="0">
              <value>
                <![CDATA["User is on Home Page and clicks on any dropdown "<value>" without sign in"]]>
              </value>
            </param>
            <param index="1">
              <value>
                <![CDATA["Optional[Launch Browser and Test Home Page]"]]>
              </value>
            </param>
          </params>
          <reporter-output>
          </reporter-output>
        </test-method> <!-- runScenario -->
        <test-method signature="runScenario(io.cucumber.testng.PickleWrapper,io.cucumber.testng.FeatureWrapper)[pri:0, instance:dsAlgo_TestRunner.TestRunner@2250b9f2]" started-at="2023-07-12T16:12:34 GMT-04:00" name="runScenario" description="Runs Cucumber Scenarios" data-provider="scenarios" finished-at="2023-07-12T16:12:35 GMT-04:00" duration-ms="1004" status="PASS">
          <params>
            <param index="0">
              <value>
                <![CDATA["User is on Home Page and clicks on any dropdown "<value>" without sign in"]]>
              </value>
            </param>
            <param index="1">
              <value>
                <![CDATA["Optional[Launch Browser and Test Home Page]"]]>
              </value>
            </param>
          </params>
          <reporter-output>
          </reporter-output>
        </test-method> <!-- runScenario -->
        <test-method signature="runScenario(io.cucumber.testng.PickleWrapper,io.cucumber.testng.FeatureWrapper)[pri:0, instance:dsAlgo_TestRunner.TestRunner@2250b9f2]" started-at="2023-07-12T16:12:35 GMT-04:00" name="runScenario" description="Runs Cucumber Scenarios" data-provider="scenarios" finished-at="2023-07-12T16:12:36 GMT-04:00" duration-ms="1023" status="PASS">
          <params>
            <param index="0">
              <value>
                <![CDATA["User is on Home Page and clicks on any dropdown "<value>" without sign in"]]>
              </value>
            </param>
            <param index="1">
              <value>
                <![CDATA["Optional[Launch Browser and Test Home Page]"]]>
              </value>
            </param>
          </params>
          <reporter-output>
          </reporter-output>
        </test-method> <!-- runScenario -->
        <test-method signature="runScenario(io.cucumber.testng.PickleWrapper,io.cucumber.testng.FeatureWrapper)[pri:0, instance:dsAlgo_TestRunner.TestRunner@2250b9f2]" started-at="2023-07-12T16:12:36 GMT-04:00" name="runScenario" description="Runs Cucumber Scenarios" data-provider="scenarios" finished-at="2023-07-12T16:12:37 GMT-04:00" duration-ms="826" status="PASS">
          <params>
            <param index="0">
              <value>
                <![CDATA["User is on Home Page and clicks on any dropdown "<value>" without sign in"]]>
              </value>
            </param>
            <param index="1">
              <value>
                <![CDATA["Optional[Launch Browser and Test Home Page]"]]>
              </value>
            </param>
          </params>
          <reporter-output>
          </reporter-output>
        </test-method> <!-- runScenario -->
        <test-method signature="runScenario(io.cucumber.testng.PickleWrapper,io.cucumber.testng.FeatureWrapper)[pri:0, instance:dsAlgo_TestRunner.TestRunner@2250b9f2]" started-at="2023-07-12T16:12:37 GMT-04:00" name="runScenario" description="Runs Cucumber Scenarios" data-provider="scenarios" finished-at="2023-07-12T16:12:38 GMT-04:00" duration-ms="869" status="PASS">
          <params>
            <param index="0">
              <value>
                <![CDATA["User is on Home Page and clicks on any dropdown "<value>" without sign in"]]>
              </value>
            </param>
            <param index="1">
              <value>
                <![CDATA["Optional[Launch Browser and Test Home Page]"]]>
              </value>
            </param>
          </params>
          <reporter-output>
          </reporter-output>
        </test-method> <!-- runScenario -->
        <test-method signature="runScenario(io.cucumber.testng.PickleWrapper,io.cucumber.testng.FeatureWrapper)[pri:0, instance:dsAlgo_TestRunner.TestRunner@2250b9f2]" started-at="2023-07-12T16:12:38 GMT-04:00" name="runScenario" description="Runs Cucumber Scenarios" data-provider="scenarios" finished-at="2023-07-12T16:12:39 GMT-04:00" duration-ms="954" status="PASS">
          <params>
            <param index="0">
              <value>
                <![CDATA["User is on Home Page and clicks on any dropdown "<value>" without sign in"]]>
              </value>
            </param>
            <param index="1">
              <value>
                <![CDATA["Optional[Launch Browser and Test Home Page]"]]>
              </value>
            </param>
          </params>
          <reporter-output>
          </reporter-output>
        </test-method> <!-- runScenario -->
        <test-method signature="runScenario(io.cucumber.testng.PickleWrapper,io.cucumber.testng.FeatureWrapper)[pri:0, instance:dsAlgo_TestRunner.TestRunner@2250b9f2]" started-at="2023-07-12T16:12:39 GMT-04:00" name="runScenario" description="Runs Cucumber Scenarios" data-provider="scenarios" finished-at="2023-07-12T16:12:40 GMT-04:00" duration-ms="585" status="PASS">
          <params>
            <param index="0">
              <value>
                <![CDATA["User is on Home Page and clicks on any getStarted link "Data Structures-Introduction" without sign in"]]>
              </value>
            </param>
            <param index="1">
              <value>
                <![CDATA["Optional[Launch Browser and Test Home Page]"]]>
              </value>
            </param>
          </params>
          <reporter-output>
          </reporter-output>
        </test-method> <!-- runScenario -->
        <test-method signature="runScenario(io.cucumber.testng.PickleWrapper,io.cucumber.testng.FeatureWrapper)[pri:0, instance:dsAlgo_TestRunner.TestRunner@2250b9f2]" started-at="2023-07-12T16:12:40 GMT-04:00" name="runScenario" description="Runs Cucumber Scenarios" data-provider="scenarios" finished-at="2023-07-12T16:12:40 GMT-04:00" duration-ms="551" status="PASS">
          <params>
            <param index="0">
              <value>
                <![CDATA["User is on Home Page and clicks on any getStarted link "Arrays" without sign in"]]>
              </value>
            </param>
            <param index="1">
              <value>
                <![CDATA["Optional[Launch Browser and Test Home Page]"]]>
              </value>
            </param>
          </params>
          <reporter-output>
          </reporter-output>
        </test-method> <!-- runScenario -->
        <test-method signature="runScenario(io.cucumber.testng.PickleWrapper,io.cucumber.testng.FeatureWrapper)[pri:0, instance:dsAlgo_TestRunner.TestRunner@2250b9f2]" started-at="2023-07-12T16:12:40 GMT-04:00" name="runScenario" description="Runs Cucumber Scenarios" data-provider="scenarios" finished-at="2023-07-12T16:12:41 GMT-04:00" duration-ms="793" status="PASS">
          <params>
            <param index="0">
              <value>
                <![CDATA["User is on Home Page and clicks on any getStarted link "Linked List" without sign in"]]>
              </value>
            </param>
            <param index="1">
              <value>
                <![CDATA["Optional[Launch Browser and Test Home Page]"]]>
              </value>
            </param>
          </params>
          <reporter-output>
          </reporter-output>
        </test-method> <!-- runScenario -->
        <test-method signature="runScenario(io.cucumber.testng.PickleWrapper,io.cucumber.testng.FeatureWrapper)[pri:0, instance:dsAlgo_TestRunner.TestRunner@2250b9f2]" started-at="2023-07-12T16:12:41 GMT-04:00" name="runScenario" description="Runs Cucumber Scenarios" data-provider="scenarios" finished-at="2023-07-12T16:12:42 GMT-04:00" duration-ms="529" status="PASS">
          <params>
            <param index="0">
              <value>
                <![CDATA["User is on Home Page and clicks on any getStarted link "Stack" without sign in"]]>
              </value>
            </param>
            <param index="1">
              <value>
                <![CDATA["Optional[Launch Browser and Test Home Page]"]]>
              </value>
            </param>
          </params>
          <reporter-output>
          </reporter-output>
        </test-method> <!-- runScenario -->
        <test-method signature="runScenario(io.cucumber.testng.PickleWrapper,io.cucumber.testng.FeatureWrapper)[pri:0, instance:dsAlgo_TestRunner.TestRunner@2250b9f2]" started-at="2023-07-12T16:12:42 GMT-04:00" name="runScenario" description="Runs Cucumber Scenarios" data-provider="scenarios" finished-at="2023-07-12T16:12:42 GMT-04:00" duration-ms="583" status="PASS">
          <params>
            <param index="0">
              <value>
                <![CDATA["User is on Home Page and clicks on any getStarted link "Queue" without sign in"]]>
              </value>
            </param>
            <param index="1">
              <value>
                <![CDATA["Optional[Launch Browser and Test Home Page]"]]>
              </value>
            </param>
          </params>
          <reporter-output>
          </reporter-output>
        </test-method> <!-- runScenario -->
        <test-method signature="runScenario(io.cucumber.testng.PickleWrapper,io.cucumber.testng.FeatureWrapper)[pri:0, instance:dsAlgo_TestRunner.TestRunner@2250b9f2]" started-at="2023-07-12T16:12:42 GMT-04:00" name="runScenario" description="Runs Cucumber Scenarios" data-provider="scenarios" finished-at="2023-07-12T16:12:43 GMT-04:00" duration-ms="505" status="PASS">
          <params>
            <param index="0">
              <value>
                <![CDATA["User is on Home Page and clicks on any getStarted link "Tree" without sign in"]]>
              </value>
            </param>
            <param index="1">
              <value>
                <![CDATA["Optional[Launch Browser and Test Home Page]"]]>
              </value>
            </param>
          </params>
          <reporter-output>
          </reporter-output>
        </test-method> <!-- runScenario -->
        <test-method signature="runScenario(io.cucumber.testng.PickleWrapper,io.cucumber.testng.FeatureWrapper)[pri:0, instance:dsAlgo_TestRunner.TestRunner@2250b9f2]" started-at="2023-07-12T16:12:43 GMT-04:00" name="runScenario" description="Runs Cucumber Scenarios" data-provider="scenarios" finished-at="2023-07-12T16:12:43 GMT-04:00" duration-ms="490" status="PASS">
          <params>
            <param index="0">
              <value>
                <![CDATA["User is on Home Page and clicks on any getStarted link "Graph" without sign in"]]>
              </value>
            </param>
            <param index="1">
              <value>
                <![CDATA["Optional[Launch Browser and Test Home Page]"]]>
              </value>
            </param>
          </params>
          <reporter-output>
          </reporter-output>
        </test-method> <!-- runScenario -->
        <test-method signature="runScenario(io.cucumber.testng.PickleWrapper,io.cucumber.testng.FeatureWrapper)[pri:0, instance:dsAlgo_TestRunner.TestRunner@2250b9f2]" started-at="2023-07-12T16:12:43 GMT-04:00" name="runScenario" description="Runs Cucumber Scenarios" data-provider="scenarios" finished-at="2023-07-12T16:12:44 GMT-04:00" duration-ms="571" status="PASS">
          <params>
            <param index="0">
              <value>
                <![CDATA["User is on Home page and Clicks on Signin"]]>
              </value>
            </param>
            <param index="1">
              <value>
                <![CDATA["Optional[Launch Browser and Test Home Page]"]]>
              </value>
            </param>
          </params>
          <reporter-output>
          </reporter-output>
        </test-method> <!-- runScenario -->
        <test-method signature="runScenario(io.cucumber.testng.PickleWrapper,io.cucumber.testng.FeatureWrapper)[pri:0, instance:dsAlgo_TestRunner.TestRunner@2250b9f2]" started-at="2023-07-12T16:12:44 GMT-04:00" name="runScenario" description="Runs Cucumber Scenarios" data-provider="scenarios" finished-at="2023-07-12T16:12:44 GMT-04:00" duration-ms="510" status="PASS">
          <params>
            <param index="0">
              <value>
                <![CDATA["User is on Home page and Clicks on Register"]]>
              </value>
            </param>
            <param index="1">
              <value>
                <![CDATA["Optional[Launch Browser and Test Home Page]"]]>
              </value>
            </param>
          </params>
          <reporter-output>
          </reporter-output>
        </test-method> <!-- runScenario -->
        <test-method signature="runScenario(io.cucumber.testng.PickleWrapper,io.cucumber.testng.FeatureWrapper)[pri:0, instance:dsAlgo_TestRunner.TestRunner@2250b9f2]" started-at="2023-07-12T16:12:44 GMT-04:00" name="runScenario" description="Runs Cucumber Scenarios" data-provider="scenarios" finished-at="2023-07-12T16:12:45 GMT-04:00" duration-ms="316" status="PASS">
          <params>
            <param index="0">
              <value>
                <![CDATA["User is on Home Page and clicks on any getStarted link "Data Structures-Introduction" with sign in"]]>
              </value>
            </param>
            <param index="1">
              <value>
                <![CDATA["Optional[Launch Browser and Test Home Page]"]]>
              </value>
            </param>
          </params>
          <reporter-output>
          </reporter-output>
        </test-method> <!-- runScenario -->
        <test-method signature="runScenario(io.cucumber.testng.PickleWrapper,io.cucumber.testng.FeatureWrapper)[pri:0, instance:dsAlgo_TestRunner.TestRunner@2250b9f2]" started-at="2023-07-12T16:12:45 GMT-04:00" name="runScenario" description="Runs Cucumber Scenarios" data-provider="scenarios" finished-at="2023-07-12T16:12:45 GMT-04:00" duration-ms="218" status="PASS">
          <params>
            <param index="0">
              <value>
                <![CDATA["User is on Home Page and clicks on any getStarted link "Arrays" with sign in"]]>
              </value>
            </param>
            <param index="1">
              <value>
                <![CDATA["Optional[Launch Browser and Test Home Page]"]]>
              </value>
            </param>
          </params>
          <reporter-output>
          </reporter-output>
        </test-method> <!-- runScenario -->
        <test-method signature="runScenario(io.cucumber.testng.PickleWrapper,io.cucumber.testng.FeatureWrapper)[pri:0, instance:dsAlgo_TestRunner.TestRunner@2250b9f2]" started-at="2023-07-12T16:12:45 GMT-04:00" name="runScenario" description="Runs Cucumber Scenarios" data-provider="scenarios" finished-at="2023-07-12T16:12:45 GMT-04:00" duration-ms="225" status="PASS">
          <params>
            <param index="0">
              <value>
                <![CDATA["User is on Home Page and clicks on any getStarted link "Linked List" with sign in"]]>
              </value>
            </param>
            <param index="1">
              <value>
                <![CDATA["Optional[Launch Browser and Test Home Page]"]]>
              </value>
            </param>
          </params>
          <reporter-output>
          </reporter-output>
        </test-method> <!-- runScenario -->
        <test-method signature="runScenario(io.cucumber.testng.PickleWrapper,io.cucumber.testng.FeatureWrapper)[pri:0, instance:dsAlgo_TestRunner.TestRunner@2250b9f2]" started-at="2023-07-12T16:12:45 GMT-04:00" name="runScenario" description="Runs Cucumber Scenarios" data-provider="scenarios" finished-at="2023-07-12T16:12:45 GMT-04:00" duration-ms="303" status="PASS">
          <params>
            <param index="0">
              <value>
                <![CDATA["User is on Home Page and clicks on any getStarted link "Stack" with sign in"]]>
              </value>
            </param>
            <param index="1">
              <value>
                <![CDATA["Optional[Launch Browser and Test Home Page]"]]>
              </value>
            </param>
          </params>
          <reporter-output>
          </reporter-output>
        </test-method> <!-- runScenario -->
        <test-method signature="runScenario(io.cucumber.testng.PickleWrapper,io.cucumber.testng.FeatureWrapper)[pri:0, instance:dsAlgo_TestRunner.TestRunner@2250b9f2]" started-at="2023-07-12T16:12:45 GMT-04:00" name="runScenario" description="Runs Cucumber Scenarios" data-provider="scenarios" finished-at="2023-07-12T16:12:46 GMT-04:00" duration-ms="205" status="PASS">
          <params>
            <param index="0">
              <value>
                <![CDATA["User is on Home Page and clicks on any getStarted link "Queue" with sign in"]]>
              </value>
            </param>
            <param index="1">
              <value>
                <![CDATA["Optional[Launch Browser and Test Home Page]"]]>
              </value>
            </param>
          </params>
          <reporter-output>
          </reporter-output>
        </test-method> <!-- runScenario -->
        <test-method signature="runScenario(io.cucumber.testng.PickleWrapper,io.cucumber.testng.FeatureWrapper)[pri:0, instance:dsAlgo_TestRunner.TestRunner@2250b9f2]" started-at="2023-07-12T16:12:46 GMT-04:00" name="runScenario" description="Runs Cucumber Scenarios" data-provider="scenarios" finished-at="2023-07-12T16:12:46 GMT-04:00" duration-ms="227" status="PASS">
          <params>
            <param index="0">
              <value>
                <![CDATA["User is on Home Page and clicks on any getStarted link "Tree" with sign in"]]>
              </value>
            </param>
            <param index="1">
              <value>
                <![CDATA["Optional[Launch Browser and Test Home Page]"]]>
              </value>
            </param>
          </params>
          <reporter-output>
          </reporter-output>
        </test-method> <!-- runScenario -->
        <test-method signature="runScenario(io.cucumber.testng.PickleWrapper,io.cucumber.testng.FeatureWrapper)[pri:0, instance:dsAlgo_TestRunner.TestRunner@2250b9f2]" started-at="2023-07-12T16:12:46 GMT-04:00" name="runScenario" description="Runs Cucumber Scenarios" data-provider="scenarios" finished-at="2023-07-12T16:12:46 GMT-04:00" duration-ms="183" status="PASS">
          <params>
            <param index="0">
              <value>
                <![CDATA["User is on Home Page and clicks on any getStarted link "Graph" with sign in"]]>
              </value>
            </param>
            <param index="1">
              <value>
                <![CDATA["Optional[Launch Browser and Test Home Page]"]]>
              </value>
            </param>
          </params>
          <reporter-output>
          </reporter-output>
        </test-method> <!-- runScenario -->
        <test-method signature="runScenario(io.cucumber.testng.PickleWrapper,io.cucumber.testng.FeatureWrapper)[pri:0, instance:dsAlgo_TestRunner.TestRunner@2250b9f2]" started-at="2023-07-12T16:12:46 GMT-04:00" name="runScenario" description="Runs Cucumber Scenarios" data-provider="scenarios" finished-at="2023-07-12T16:12:47 GMT-04:00" duration-ms="665" status="PASS">
          <params>
            <param index="0">
              <value>
                <![CDATA["To verify Register Form with Empty fields"]]>
              </value>
            </param>
            <param index="1">
              <value>
                <![CDATA["Optional[Registration verification and validation]"]]>
              </value>
            </param>
          </params>
          <reporter-output>
          </reporter-output>
        </test-method> <!-- runScenario -->
        <test-method signature="runScenario(io.cucumber.testng.PickleWrapper,io.cucumber.testng.FeatureWrapper)[pri:0, instance:dsAlgo_TestRunner.TestRunner@2250b9f2]" started-at="2023-07-12T16:12:47 GMT-04:00" name="runScenario" description="Runs Cucumber Scenarios" data-provider="scenarios" finished-at="2023-07-12T16:12:47 GMT-04:00" duration-ms="653" status="PASS">
          <params>
            <param index="0">
              <value>
                <![CDATA["The user is presented with error message for empty fields below password textbox"]]>
              </value>
            </param>
            <param index="1">
              <value>
                <![CDATA["Optional[Registration verification and validation]"]]>
              </value>
            </param>
          </params>
          <reporter-output>
          </reporter-output>
        </test-method> <!-- runScenario -->
        <test-method signature="runScenario(io.cucumber.testng.PickleWrapper,io.cucumber.testng.FeatureWrapper)[pri:0, instance:dsAlgo_TestRunner.TestRunner@2250b9f2]" started-at="2023-07-12T16:12:47 GMT-04:00" name="runScenario" description="Runs Cucumber Scenarios" data-provider="scenarios" finished-at="2023-07-12T16:12:48 GMT-04:00" duration-ms="688" status="PASS">
          <params>
            <param index="0">
              <value>
                <![CDATA["The user is presented with error message for empty fields below username textbox"]]>
              </value>
            </param>
            <param index="1">
              <value>
                <![CDATA["Optional[Registration verification and validation]"]]>
              </value>
            </param>
          </params>
          <reporter-output>
          </reporter-output>
        </test-method> <!-- runScenario -->
        <test-method signature="runScenario(io.cucumber.testng.PickleWrapper,io.cucumber.testng.FeatureWrapper)[pri:0, instance:dsAlgo_TestRunner.TestRunner@2250b9f2]" started-at="2023-07-12T16:12:48 GMT-04:00" name="runScenario" description="Runs Cucumber Scenarios" data-provider="scenarios" finished-at="2023-07-12T16:12:49 GMT-04:00" duration-ms="900" status="PASS">
          <params>
            <param index="0">
              <value>
                <![CDATA["The user is presented with error message for empty fields above Password Confirmation textbox"]]>
              </value>
            </param>
            <param index="1">
              <value>
                <![CDATA["Optional[Registration verification and validation]"]]>
              </value>
            </param>
          </params>
          <reporter-output>
          </reporter-output>
        </test-method> <!-- runScenario -->
        <test-method signature="runScenario(io.cucumber.testng.PickleWrapper,io.cucumber.testng.FeatureWrapper)[pri:0, instance:dsAlgo_TestRunner.TestRunner@2250b9f2]" started-at="2023-07-12T16:12:49 GMT-04:00" name="runScenario" description="Runs Cucumber Scenarios" data-provider="scenarios" finished-at="2023-07-12T16:12:50 GMT-04:00" duration-ms="1295" status="PASS">
          <params>
            <param index="0">
              <value>
                <![CDATA["To verify Register Form with username and password only"]]>
              </value>
            </param>
            <param index="1">
              <value>
                <![CDATA["Optional[Registration verification and validation]"]]>
              </value>
            </param>
          </params>
          <reporter-output>
          </reporter-output>
        </test-method> <!-- runScenario -->
        <test-method signature="runScenario(io.cucumber.testng.PickleWrapper,io.cucumber.testng.FeatureWrapper)[pri:0, instance:dsAlgo_TestRunner.TestRunner@2250b9f2]" started-at="2023-07-12T16:12:50 GMT-04:00" name="runScenario" description="Runs Cucumber Scenarios" data-provider="scenarios" finished-at="2023-07-12T16:12:53 GMT-04:00" duration-ms="2655" status="PASS">
          <params>
            <param index="0">
              <value>
                <![CDATA["To verify Register Form with invalid Credentials"]]>
              </value>
            </param>
            <param index="1">
              <value>
                <![CDATA["Optional[Registration verification and validation]"]]>
              </value>
            </param>
          </params>
          <reporter-output>
          </reporter-output>
        </test-method> <!-- runScenario -->
        <test-method signature="runScenario(io.cucumber.testng.PickleWrapper,io.cucumber.testng.FeatureWrapper)[pri:0, instance:dsAlgo_TestRunner.TestRunner@2250b9f2]" started-at="2023-07-12T16:12:53 GMT-04:00" name="runScenario" description="Runs Cucumber Scenarios" data-provider="scenarios" finished-at="2023-07-12T16:12:54 GMT-04:00" duration-ms="1000" status="PASS">
          <params>
            <param index="0">
              <value>
                <![CDATA["To verify Register Form with invalid Credentials"]]>
              </value>
            </param>
            <param index="1">
              <value>
                <![CDATA["Optional[Registration verification and validation]"]]>
              </value>
            </param>
          </params>
          <reporter-output>
          </reporter-output>
        </test-method> <!-- runScenario -->
        <test-method signature="runScenario(io.cucumber.testng.PickleWrapper,io.cucumber.testng.FeatureWrapper)[pri:0, instance:dsAlgo_TestRunner.TestRunner@2250b9f2]" started-at="2023-07-12T16:12:54 GMT-04:00" name="runScenario" description="Runs Cucumber Scenarios" data-provider="scenarios" finished-at="2023-07-12T16:12:55 GMT-04:00" duration-ms="893" status="PASS">
          <params>
            <param index="0">
              <value>
                <![CDATA["To verify Register Form with invalid Credentials"]]>
              </value>
            </param>
            <param index="1">
              <value>
                <![CDATA["Optional[Registration verification and validation]"]]>
              </value>
            </param>
          </params>
          <reporter-output>
          </reporter-output>
        </test-method> <!-- runScenario -->
        <test-method signature="runScenario(io.cucumber.testng.PickleWrapper,io.cucumber.testng.FeatureWrapper)[pri:0, instance:dsAlgo_TestRunner.TestRunner@2250b9f2]" started-at="2023-07-12T16:12:55 GMT-04:00" name="runScenario" description="Runs Cucumber Scenarios" data-provider="scenarios" finished-at="2023-07-12T16:12:56 GMT-04:00" duration-ms="944" status="PASS">
          <params>
            <param index="0">
              <value>
                <![CDATA["To verify Register Form with invalid Credentials"]]>
              </value>
            </param>
            <param index="1">
              <value>
                <![CDATA["Optional[Registration verification and validation]"]]>
              </value>
            </param>
          </params>
          <reporter-output>
          </reporter-output>
        </test-method> <!-- runScenario -->
        <test-method signature="runScenario(io.cucumber.testng.PickleWrapper,io.cucumber.testng.FeatureWrapper)[pri:0, instance:dsAlgo_TestRunner.TestRunner@2250b9f2]" started-at="2023-07-12T16:12:56 GMT-04:00" name="runScenario" description="Runs Cucumber Scenarios" data-provider="scenarios" finished-at="2023-07-12T16:12:57 GMT-04:00" duration-ms="1069" status="PASS">
          <params>
            <param index="0">
              <value>
                <![CDATA["To verify Register Form with invalid Credentials"]]>
              </value>
            </param>
            <param index="1">
              <value>
                <![CDATA["Optional[Registration verification and validation]"]]>
              </value>
            </param>
          </params>
          <reporter-output>
          </reporter-output>
        </test-method> <!-- runScenario -->
        <test-method signature="runScenario(io.cucumber.testng.PickleWrapper,io.cucumber.testng.FeatureWrapper)[pri:0, instance:dsAlgo_TestRunner.TestRunner@2250b9f2]" started-at="2023-07-12T16:12:57 GMT-04:00" name="runScenario" description="Runs Cucumber Scenarios" data-provider="scenarios" finished-at="2023-07-12T16:12:58 GMT-04:00" duration-ms="1131" status="PASS">
          <params>
            <param index="0">
              <value>
                <![CDATA["To verify Register Form with invalid Credentials"]]>
              </value>
            </param>
            <param index="1">
              <value>
                <![CDATA["Optional[Registration verification and validation]"]]>
              </value>
            </param>
          </params>
          <reporter-output>
          </reporter-output>
        </test-method> <!-- runScenario -->
        <test-method signature="runScenario(io.cucumber.testng.PickleWrapper,io.cucumber.testng.FeatureWrapper)[pri:0, instance:dsAlgo_TestRunner.TestRunner@2250b9f2]" started-at="2023-07-12T16:12:58 GMT-04:00" name="runScenario" description="Runs Cucumber Scenarios" data-provider="scenarios" finished-at="2023-07-12T16:12:59 GMT-04:00" duration-ms="777" status="PASS">
          <params>
            <param index="0">
              <value>
                <![CDATA["To verify Register Form with invalid Credentials"]]>
              </value>
            </param>
            <param index="1">
              <value>
                <![CDATA["Optional[Registration verification and validation]"]]>
              </value>
            </param>
          </params>
          <reporter-output>
          </reporter-output>
        </test-method> <!-- runScenario -->
        <test-method signature="runScenario(io.cucumber.testng.PickleWrapper,io.cucumber.testng.FeatureWrapper)[pri:0, instance:dsAlgo_TestRunner.TestRunner@2250b9f2]" started-at="2023-07-12T16:12:59 GMT-04:00" name="runScenario" description="Runs Cucumber Scenarios" data-provider="scenarios" finished-at="2023-07-12T16:13:05 GMT-04:00" duration-ms="6186" status="PASS">
          <params>
            <param index="0">
              <value>
                <![CDATA["to register with all the data"]]>
              </value>
            </param>
            <param index="1">
              <value>
                <![CDATA["Optional[Registration verification and validation]"]]>
              </value>
            </param>
          </params>
          <reporter-output>
          </reporter-output>
        </test-method> <!-- runScenario -->
        <test-method signature="runScenario(io.cucumber.testng.PickleWrapper,io.cucumber.testng.FeatureWrapper)[pri:0, instance:dsAlgo_TestRunner.TestRunner@2250b9f2]" started-at="2023-07-12T16:13:05 GMT-04:00" name="runScenario" description="Runs Cucumber Scenarios" data-provider="scenarios" finished-at="2023-07-12T16:13:05 GMT-04:00" duration-ms="458" status="PASS">
          <params>
            <param index="0">
              <value>
                <![CDATA["User is on Home page and Clicks on Signins"]]>
              </value>
            </param>
            <param index="1">
              <value>
                <![CDATA["Optional[Login Action]"]]>
              </value>
            </param>
          </params>
          <reporter-output>
          </reporter-output>
        </test-method> <!-- runScenario -->
        <test-method signature="runScenario(io.cucumber.testng.PickleWrapper,io.cucumber.testng.FeatureWrapper)[pri:0, instance:dsAlgo_TestRunner.TestRunner@2250b9f2]" started-at="2023-07-12T16:13:05 GMT-04:00" name="runScenario" description="Runs Cucumber Scenarios" data-provider="scenarios" finished-at="2023-07-12T16:13:06 GMT-04:00" duration-ms="768" status="PASS">
          <params>
            <param index="0">
              <value>
                <![CDATA["To verify SignIn with Empty fields"]]>
              </value>
            </param>
            <param index="1">
              <value>
                <![CDATA["Optional[Login Action]"]]>
              </value>
            </param>
          </params>
          <reporter-output>
          </reporter-output>
        </test-method> <!-- runScenario -->
        <test-method signature="runScenario(io.cucumber.testng.PickleWrapper,io.cucumber.testng.FeatureWrapper)[pri:0, instance:dsAlgo_TestRunner.TestRunner@2250b9f2]" started-at="2023-07-12T16:13:06 GMT-04:00" name="runScenario" description="Runs Cucumber Scenarios" data-provider="scenarios" finished-at="2023-07-12T16:13:07 GMT-04:00" duration-ms="1084" status="PASS">
          <params>
            <param index="0">
              <value>
                <![CDATA["To verify SignIn with invalid "abcdefgh" and "zxyu1234 and gets the result "Invalid Username and Password""]]>
              </value>
            </param>
            <param index="1">
              <value>
                <![CDATA["Optional[Login Action]"]]>
              </value>
            </param>
          </params>
          <reporter-output>
          </reporter-output>
        </test-method> <!-- runScenario -->
        <test-method signature="runScenario(io.cucumber.testng.PickleWrapper,io.cucumber.testng.FeatureWrapper)[pri:0, instance:dsAlgo_TestRunner.TestRunner@2250b9f2]" started-at="2023-07-12T16:13:07 GMT-04:00" name="runScenario" description="Runs Cucumber Scenarios" data-provider="scenarios" finished-at="2023-07-12T16:13:08 GMT-04:00" duration-ms="989" status="PASS">
          <params>
            <param index="0">
              <value>
                <![CDATA["To verify SignIn with invalid "asdfger" and "@@@@ and gets the result "Invalid Username and Password""]]>
              </value>
            </param>
            <param index="1">
              <value>
                <![CDATA["Optional[Login Action]"]]>
              </value>
            </param>
          </params>
          <reporter-output>
          </reporter-output>
        </test-method> <!-- runScenario -->
        <test-method signature="runScenario(io.cucumber.testng.PickleWrapper,io.cucumber.testng.FeatureWrapper)[pri:0, instance:dsAlgo_TestRunner.TestRunner@2250b9f2]" started-at="2023-07-12T16:13:08 GMT-04:00" name="runScenario" description="Runs Cucumber Scenarios" data-provider="scenarios" finished-at="2023-07-12T16:13:09 GMT-04:00" duration-ms="970" status="PASS">
          <params>
            <param index="0">
              <value>
                <![CDATA["To verify SignIn with invalid "ER@$" and "sdkfsk12 and gets the result "Invalid Username and Password""]]>
              </value>
            </param>
            <param index="1">
              <value>
                <![CDATA["Optional[Login Action]"]]>
              </value>
            </param>
          </params>
          <reporter-output>
          </reporter-output>
        </test-method> <!-- runScenario -->
        <test-method signature="runScenario(io.cucumber.testng.PickleWrapper,io.cucumber.testng.FeatureWrapper)[pri:0, instance:dsAlgo_TestRunner.TestRunner@2250b9f2]" started-at="2023-07-12T16:13:09 GMT-04:00" name="runScenario" description="Runs Cucumber Scenarios" data-provider="scenarios" finished-at="2023-07-12T16:13:10 GMT-04:00" duration-ms="917" status="PASS">
          <params>
            <param index="0">
              <value>
                <![CDATA["To verify SignIn with username only"]]>
              </value>
            </param>
            <param index="1">
              <value>
                <![CDATA["Optional[Login Action]"]]>
              </value>
            </param>
          </params>
          <reporter-output>
          </reporter-output>
        </test-method> <!-- runScenario -->
        <test-method signature="runScenario(io.cucumber.testng.PickleWrapper,io.cucumber.testng.FeatureWrapper)[pri:0, instance:dsAlgo_TestRunner.TestRunner@2250b9f2]" started-at="2023-07-12T16:13:10 GMT-04:00" name="runScenario" description="Runs Cucumber Scenarios" data-provider="scenarios" finished-at="2023-07-12T16:13:11 GMT-04:00" duration-ms="785" status="PASS">
          <params>
            <param index="0">
              <value>
                <![CDATA["To verify SignIn with password only"]]>
              </value>
            </param>
            <param index="1">
              <value>
                <![CDATA["Optional[Login Action]"]]>
              </value>
            </param>
          </params>
          <reporter-output>
          </reporter-output>
        </test-method> <!-- runScenario -->
        <test-method signature="runScenario(io.cucumber.testng.PickleWrapper,io.cucumber.testng.FeatureWrapper)[pri:0, instance:dsAlgo_TestRunner.TestRunner@2250b9f2]" started-at="2023-07-12T16:13:11 GMT-04:00" name="runScenario" description="Runs Cucumber Scenarios" data-provider="scenarios" finished-at="2023-07-12T16:13:12 GMT-04:00" duration-ms="1124" status="PASS">
          <params>
            <param index="0">
              <value>
                <![CDATA["User  Login with  valid "sdet" and "sdet1234""]]>
              </value>
            </param>
            <param index="1">
              <value>
                <![CDATA["Optional[Login Action]"]]>
              </value>
            </param>
          </params>
          <reporter-output>
          </reporter-output>
        </test-method> <!-- runScenario -->
        <test-method signature="runScenario(io.cucumber.testng.PickleWrapper,io.cucumber.testng.FeatureWrapper)[pri:0, instance:dsAlgo_TestRunner.TestRunner@2250b9f2]" started-at="2023-07-12T16:13:12 GMT-04:00" name="runScenario" description="Runs Cucumber Scenarios" data-provider="scenarios" finished-at="2023-07-12T16:13:13 GMT-04:00" duration-ms="865" status="PASS">
          <params>
            <param index="0">
              <value>
                <![CDATA["The user is able to navigate to all options in datastructure page"]]>
              </value>
            </param>
            <param index="1">
              <value>
                <![CDATA["Optional[Test DataStructure  page]"]]>
              </value>
            </param>
          </params>
          <reporter-output>
          </reporter-output>
        </test-method> <!-- runScenario -->
        <test-method signature="runScenario(io.cucumber.testng.PickleWrapper,io.cucumber.testng.FeatureWrapper)[pri:0, instance:dsAlgo_TestRunner.TestRunner@2250b9f2]" started-at="2023-07-12T16:13:13 GMT-04:00" name="runScenario" description="Runs Cucumber Scenarios" data-provider="scenarios" finished-at="2023-07-12T16:13:17 GMT-04:00" duration-ms="4137" status="PASS">
          <params>
            <param index="0">
              <value>
                <![CDATA["The user is able run code in tryEditor"]]>
              </value>
            </param>
            <param index="1">
              <value>
                <![CDATA["Optional[Test DataStructure  page]"]]>
              </value>
            </param>
          </params>
          <reporter-output>
          </reporter-output>
        </test-method> <!-- runScenario -->
        <test-method signature="runScenario(io.cucumber.testng.PickleWrapper,io.cucumber.testng.FeatureWrapper)[pri:0, instance:dsAlgo_TestRunner.TestRunner@2250b9f2]" started-at="2023-07-12T16:13:17 GMT-04:00" name="runScenario" description="Runs Cucumber Scenarios" data-provider="scenarios" finished-at="2023-07-12T16:13:21 GMT-04:00" duration-ms="3613" status="PASS">
          <params>
            <param index="0">
              <value>
                <![CDATA["The user is able run code in tryEditor"]]>
              </value>
            </param>
            <param index="1">
              <value>
                <![CDATA["Optional[Test DataStructure  page]"]]>
              </value>
            </param>
          </params>
          <reporter-output>
          </reporter-output>
        </test-method> <!-- runScenario -->
        <test-method signature="runScenario(io.cucumber.testng.PickleWrapper,io.cucumber.testng.FeatureWrapper)[pri:0, instance:dsAlgo_TestRunner.TestRunner@2250b9f2]" started-at="2023-07-12T16:13:21 GMT-04:00" name="runScenario" description="Runs Cucumber Scenarios" data-provider="scenarios" finished-at="2023-07-12T16:13:22 GMT-04:00" duration-ms="1204" status="PASS">
          <params>
            <param index="0">
              <value>
                <![CDATA["The user is able to navigate to all options in array page"]]>
              </value>
            </param>
            <param index="1">
              <value>
                <![CDATA["Optional[Test Array page]"]]>
              </value>
            </param>
          </params>
          <reporter-output>
          </reporter-output>
        </test-method> <!-- runScenario -->
        <test-method signature="runScenario(io.cucumber.testng.PickleWrapper,io.cucumber.testng.FeatureWrapper)[pri:0, instance:dsAlgo_TestRunner.TestRunner@2250b9f2]" started-at="2023-07-12T16:13:22 GMT-04:00" name="runScenario" description="Runs Cucumber Scenarios" data-provider="scenarios" finished-at="2023-07-12T16:13:23 GMT-04:00" duration-ms="935" status="PASS">
          <params>
            <param index="0">
              <value>
                <![CDATA["The user is able to navigate to all options in array page"]]>
              </value>
            </param>
            <param index="1">
              <value>
                <![CDATA["Optional[Test Array page]"]]>
              </value>
            </param>
          </params>
          <reporter-output>
          </reporter-output>
        </test-method> <!-- runScenario -->
        <test-method signature="runScenario(io.cucumber.testng.PickleWrapper,io.cucumber.testng.FeatureWrapper)[pri:0, instance:dsAlgo_TestRunner.TestRunner@2250b9f2]" started-at="2023-07-12T16:13:23 GMT-04:00" name="runScenario" description="Runs Cucumber Scenarios" data-provider="scenarios" finished-at="2023-07-12T16:13:24 GMT-04:00" duration-ms="969" status="PASS">
          <params>
            <param index="0">
              <value>
                <![CDATA["The user is able to navigate to all options in array page"]]>
              </value>
            </param>
            <param index="1">
              <value>
                <![CDATA["Optional[Test Array page]"]]>
              </value>
            </param>
          </params>
          <reporter-output>
          </reporter-output>
        </test-method> <!-- runScenario -->
        <test-method signature="runScenario(io.cucumber.testng.PickleWrapper,io.cucumber.testng.FeatureWrapper)[pri:0, instance:dsAlgo_TestRunner.TestRunner@2250b9f2]" started-at="2023-07-12T16:13:24 GMT-04:00" name="runScenario" description="Runs Cucumber Scenarios" data-provider="scenarios" finished-at="2023-07-12T16:13:26 GMT-04:00" duration-ms="2618" status="PASS">
          <params>
            <param index="0">
              <value>
                <![CDATA["The user is able to navigate to all options in array page"]]>
              </value>
            </param>
            <param index="1">
              <value>
                <![CDATA["Optional[Test Array page]"]]>
              </value>
            </param>
          </params>
          <reporter-output>
          </reporter-output>
        </test-method> <!-- runScenario -->
        <test-method signature="runScenario(io.cucumber.testng.PickleWrapper,io.cucumber.testng.FeatureWrapper)[pri:0, instance:dsAlgo_TestRunner.TestRunner@2250b9f2]" started-at="2023-07-12T16:13:26 GMT-04:00" name="runScenario" description="Runs Cucumber Scenarios" data-provider="scenarios" finished-at="2023-07-12T16:13:28 GMT-04:00" duration-ms="1651" status="PASS">
          <params>
            <param index="0">
              <value>
                <![CDATA["The user is able to navigate to all options in array page"]]>
              </value>
            </param>
            <param index="1">
              <value>
                <![CDATA["Optional[Test Array page]"]]>
              </value>
            </param>
          </params>
          <reporter-output>
          </reporter-output>
        </test-method> <!-- runScenario -->
        <test-method signature="runScenario(io.cucumber.testng.PickleWrapper,io.cucumber.testng.FeatureWrapper)[pri:0, instance:dsAlgo_TestRunner.TestRunner@2250b9f2]" started-at="2023-07-12T16:13:28 GMT-04:00" name="runScenario" description="Runs Cucumber Scenarios" data-provider="scenarios" finished-at="2023-07-12T16:13:29 GMT-04:00" duration-ms="1187" status="PASS">
          <params>
            <param index="0">
              <value>
                <![CDATA["The user is able to navigate to all options in array page"]]>
              </value>
            </param>
            <param index="1">
              <value>
                <![CDATA["Optional[Test Array page]"]]>
              </value>
            </param>
          </params>
          <reporter-output>
          </reporter-output>
        </test-method> <!-- runScenario -->
        <test-method signature="runScenario(io.cucumber.testng.PickleWrapper,io.cucumber.testng.FeatureWrapper)[pri:0, instance:dsAlgo_TestRunner.TestRunner@2250b9f2]" started-at="2023-07-12T16:13:29 GMT-04:00" name="runScenario" description="Runs Cucumber Scenarios" data-provider="scenarios" finished-at="2023-07-12T16:13:31 GMT-04:00" duration-ms="1752" status="PASS">
          <params>
            <param index="0">
              <value>
                <![CDATA["The user is able to navigate to all options in array page"]]>
              </value>
            </param>
            <param index="1">
              <value>
                <![CDATA["Optional[Test Array page]"]]>
              </value>
            </param>
          </params>
          <reporter-output>
          </reporter-output>
        </test-method> <!-- runScenario -->
        <test-method signature="runScenario(io.cucumber.testng.PickleWrapper,io.cucumber.testng.FeatureWrapper)[pri:0, instance:dsAlgo_TestRunner.TestRunner@2250b9f2]" started-at="2023-07-12T16:13:31 GMT-04:00" name="runScenario" description="Runs Cucumber Scenarios" data-provider="scenarios" finished-at="2023-07-12T16:13:32 GMT-04:00" duration-ms="1350" status="PASS">
          <params>
            <param index="0">
              <value>
                <![CDATA["The user is able to navigate to all options in array page"]]>
              </value>
            </param>
            <param index="1">
              <value>
                <![CDATA["Optional[Test Array page]"]]>
              </value>
            </param>
          </params>
          <reporter-output>
          </reporter-output>
        </test-method> <!-- runScenario -->
        <test-method signature="runScenario(io.cucumber.testng.PickleWrapper,io.cucumber.testng.FeatureWrapper)[pri:0, instance:dsAlgo_TestRunner.TestRunner@2250b9f2]" started-at="2023-07-12T16:13:32 GMT-04:00" name="runScenario" description="Runs Cucumber Scenarios" data-provider="scenarios" finished-at="2023-07-12T16:13:36 GMT-04:00" duration-ms="3968" status="PASS">
          <params>
            <param index="0">
              <value>
                <![CDATA["The user is able run code in tryEditor"]]>
              </value>
            </param>
            <param index="1">
              <value>
                <![CDATA["Optional[Test Array page]"]]>
              </value>
            </param>
          </params>
          <reporter-output>
          </reporter-output>
        </test-method> <!-- runScenario -->
        <test-method signature="runScenario(io.cucumber.testng.PickleWrapper,io.cucumber.testng.FeatureWrapper)[pri:0, instance:dsAlgo_TestRunner.TestRunner@2250b9f2]" started-at="2023-07-12T16:13:36 GMT-04:00" name="runScenario" description="Runs Cucumber Scenarios" data-provider="scenarios" finished-at="2023-07-12T16:13:40 GMT-04:00" duration-ms="3796" status="PASS">
          <params>
            <param index="0">
              <value>
                <![CDATA["The user is able run code in tryEditor"]]>
              </value>
            </param>
            <param index="1">
              <value>
                <![CDATA["Optional[Test Array page]"]]>
              </value>
            </param>
          </params>
          <reporter-output>
          </reporter-output>
        </test-method> <!-- runScenario -->
        <test-method signature="runScenario(io.cucumber.testng.PickleWrapper,io.cucumber.testng.FeatureWrapper)[pri:0, instance:dsAlgo_TestRunner.TestRunner@2250b9f2]" started-at="2023-07-12T16:13:40 GMT-04:00" name="runScenario" description="Runs Cucumber Scenarios" data-provider="scenarios" finished-at="2023-07-12T16:13:44 GMT-04:00" duration-ms="4065" status="PASS">
          <params>
            <param index="0">
              <value>
                <![CDATA["The user is able run code in tryEditor"]]>
              </value>
            </param>
            <param index="1">
              <value>
                <![CDATA["Optional[Test Array page]"]]>
              </value>
            </param>
          </params>
          <reporter-output>
          </reporter-output>
        </test-method> <!-- runScenario -->
        <test-method signature="runScenario(io.cucumber.testng.PickleWrapper,io.cucumber.testng.FeatureWrapper)[pri:0, instance:dsAlgo_TestRunner.TestRunner@2250b9f2]" started-at="2023-07-12T16:13:44 GMT-04:00" name="runScenario" description="Runs Cucumber Scenarios" data-provider="scenarios" finished-at="2023-07-12T16:13:48 GMT-04:00" duration-ms="3879" status="PASS">
          <params>
            <param index="0">
              <value>
                <![CDATA["The user is able run code in tryEditor"]]>
              </value>
            </param>
            <param index="1">
              <value>
                <![CDATA["Optional[Test Array page]"]]>
              </value>
            </param>
          </params>
          <reporter-output>
          </reporter-output>
        </test-method> <!-- runScenario -->
        <test-method signature="runScenario(io.cucumber.testng.PickleWrapper,io.cucumber.testng.FeatureWrapper)[pri:0, instance:dsAlgo_TestRunner.TestRunner@2250b9f2]" started-at="2023-07-12T16:13:48 GMT-04:00" name="runScenario" description="Runs Cucumber Scenarios" data-provider="scenarios" finished-at="2023-07-12T16:13:52 GMT-04:00" duration-ms="3698" status="PASS">
          <params>
            <param index="0">
              <value>
                <![CDATA["The user is able run code in tryEditor"]]>
              </value>
            </param>
            <param index="1">
              <value>
                <![CDATA["Optional[Test Array page]"]]>
              </value>
            </param>
          </params>
          <reporter-output>
          </reporter-output>
        </test-method> <!-- runScenario -->
        <test-method signature="runScenario(io.cucumber.testng.PickleWrapper,io.cucumber.testng.FeatureWrapper)[pri:0, instance:dsAlgo_TestRunner.TestRunner@2250b9f2]" started-at="2023-07-12T16:13:52 GMT-04:00" name="runScenario" description="Runs Cucumber Scenarios" data-provider="scenarios" finished-at="2023-07-12T16:13:56 GMT-04:00" duration-ms="3873" status="PASS">
          <params>
            <param index="0">
              <value>
                <![CDATA["The user is able run code in tryEditor"]]>
              </value>
            </param>
            <param index="1">
              <value>
                <![CDATA["Optional[Test Array page]"]]>
              </value>
            </param>
          </params>
          <reporter-output>
          </reporter-output>
        </test-method> <!-- runScenario -->
        <test-method signature="runScenario(io.cucumber.testng.PickleWrapper,io.cucumber.testng.FeatureWrapper)[pri:0, instance:dsAlgo_TestRunner.TestRunner@2250b9f2]" started-at="2023-07-12T16:13:56 GMT-04:00" name="runScenario" description="Runs Cucumber Scenarios" data-provider="scenarios" finished-at="2023-07-12T16:14:00 GMT-04:00" duration-ms="4616" status="PASS">
          <params>
            <param index="0">
              <value>
                <![CDATA["The user is able run code in tryEditor"]]>
              </value>
            </param>
            <param index="1">
              <value>
                <![CDATA["Optional[Test Array page]"]]>
              </value>
            </param>
          </params>
          <reporter-output>
          </reporter-output>
        </test-method> <!-- runScenario -->
        <test-method signature="runScenario(io.cucumber.testng.PickleWrapper,io.cucumber.testng.FeatureWrapper)[pri:0, instance:dsAlgo_TestRunner.TestRunner@2250b9f2]" started-at="2023-07-12T16:14:00 GMT-04:00" name="runScenario" description="Runs Cucumber Scenarios" data-provider="scenarios" finished-at="2023-07-12T16:14:05 GMT-04:00" duration-ms="4342" status="PASS">
          <params>
            <param index="0">
              <value>
                <![CDATA["The user is able run code in tryEditor"]]>
              </value>
            </param>
            <param index="1">
              <value>
                <![CDATA["Optional[Test Array page]"]]>
              </value>
            </param>
          </params>
          <reporter-output>
          </reporter-output>
        </test-method> <!-- runScenario -->
        <test-method signature="runScenario(io.cucumber.testng.PickleWrapper,io.cucumber.testng.FeatureWrapper)[pri:0, instance:dsAlgo_TestRunner.TestRunner@2250b9f2]" started-at="2023-07-12T16:14:05 GMT-04:00" name="runScenario" description="Runs Cucumber Scenarios" data-provider="scenarios" finished-at="2023-07-12T16:14:05 GMT-04:00" duration-ms="764" status="PASS">
          <params>
            <param index="0">
              <value>
                <![CDATA["The user is able to navigate to Practice page"]]>
              </value>
            </param>
            <param index="1">
              <value>
                <![CDATA["Optional[Test Array page]"]]>
              </value>
            </param>
          </params>
          <reporter-output>
          </reporter-output>
        </test-method> <!-- runScenario -->
        <test-method signature="runScenario(io.cucumber.testng.PickleWrapper,io.cucumber.testng.FeatureWrapper)[pri:0, instance:dsAlgo_TestRunner.TestRunner@2250b9f2]" started-at="2023-07-12T16:14:05 GMT-04:00" name="runScenario" description="Runs Cucumber Scenarios" data-provider="scenarios" finished-at="2023-07-12T16:14:07 GMT-04:00" duration-ms="1814" status="PASS">
          <params>
            <param index="0">
              <value>
                <![CDATA["The user is able to navigate to all practice questions"]]>
              </value>
            </param>
            <param index="1">
              <value>
                <![CDATA["Optional[Test Array page]"]]>
              </value>
            </param>
          </params>
          <reporter-output>
          </reporter-output>
        </test-method> <!-- runScenario -->
        <test-method signature="runScenario(io.cucumber.testng.PickleWrapper,io.cucumber.testng.FeatureWrapper)[pri:0, instance:dsAlgo_TestRunner.TestRunner@2250b9f2]" started-at="2023-07-12T16:14:07 GMT-04:00" name="runScenario" description="Runs Cucumber Scenarios" data-provider="scenarios" finished-at="2023-07-12T16:14:08 GMT-04:00" duration-ms="1157" status="PASS">
          <params>
            <param index="0">
              <value>
                <![CDATA["The user is able to navigate to all practice questions"]]>
              </value>
            </param>
            <param index="1">
              <value>
                <![CDATA["Optional[Test Array page]"]]>
              </value>
            </param>
          </params>
          <reporter-output>
          </reporter-output>
        </test-method> <!-- runScenario -->
        <test-method signature="runScenario(io.cucumber.testng.PickleWrapper,io.cucumber.testng.FeatureWrapper)[pri:0, instance:dsAlgo_TestRunner.TestRunner@2250b9f2]" started-at="2023-07-12T16:14:08 GMT-04:00" name="runScenario" description="Runs Cucumber Scenarios" data-provider="scenarios" finished-at="2023-07-12T16:14:10 GMT-04:00" duration-ms="1137" status="PASS">
          <params>
            <param index="0">
              <value>
                <![CDATA["The user is able to navigate to all practice questions"]]>
              </value>
            </param>
            <param index="1">
              <value>
                <![CDATA["Optional[Test Array page]"]]>
              </value>
            </param>
          </params>
          <reporter-output>
          </reporter-output>
        </test-method> <!-- runScenario -->
        <test-method signature="runScenario(io.cucumber.testng.PickleWrapper,io.cucumber.testng.FeatureWrapper)[pri:0, instance:dsAlgo_TestRunner.TestRunner@2250b9f2]" started-at="2023-07-12T16:14:10 GMT-04:00" name="runScenario" description="Runs Cucumber Scenarios" data-provider="scenarios" finished-at="2023-07-12T16:14:11 GMT-04:00" duration-ms="1214" status="PASS">
          <params>
            <param index="0">
              <value>
                <![CDATA["The user is able to navigate to all practice questions"]]>
              </value>
            </param>
            <param index="1">
              <value>
                <![CDATA["Optional[Test Array page]"]]>
              </value>
            </param>
          </params>
          <reporter-output>
          </reporter-output>
        </test-method> <!-- runScenario -->
        <test-method signature="runScenario(io.cucumber.testng.PickleWrapper,io.cucumber.testng.FeatureWrapper)[pri:0, instance:dsAlgo_TestRunner.TestRunner@2250b9f2]" started-at="2023-07-12T16:14:11 GMT-04:00" name="runScenario" description="Runs Cucumber Scenarios" data-provider="scenarios" finished-at="2023-07-12T16:14:15 GMT-04:00" duration-ms="3961" status="PASS">
          <params>
            <param index="0">
              <value>
                <![CDATA["The user is able to run code in Practice session of Array in python"]]>
              </value>
            </param>
            <param index="1">
              <value>
                <![CDATA["Optional[Test Array page]"]]>
              </value>
            </param>
          </params>
          <reporter-output>
          </reporter-output>
        </test-method> <!-- runScenario -->
        <test-method signature="runScenario(io.cucumber.testng.PickleWrapper,io.cucumber.testng.FeatureWrapper)[pri:0, instance:dsAlgo_TestRunner.TestRunner@2250b9f2]" started-at="2023-07-12T16:14:15 GMT-04:00" name="runScenario" description="Runs Cucumber Scenarios" data-provider="scenarios" finished-at="2023-07-12T16:14:19 GMT-04:00" duration-ms="3991" status="PASS">
          <params>
            <param index="0">
              <value>
                <![CDATA["The user is able to run code in Practice session of Array in python"]]>
              </value>
            </param>
            <param index="1">
              <value>
                <![CDATA["Optional[Test Array page]"]]>
              </value>
            </param>
          </params>
          <reporter-output>
          </reporter-output>
        </test-method> <!-- runScenario -->
        <test-method signature="runScenario(io.cucumber.testng.PickleWrapper,io.cucumber.testng.FeatureWrapper)[pri:0, instance:dsAlgo_TestRunner.TestRunner@2250b9f2]" started-at="2023-07-12T16:14:19 GMT-04:00" name="runScenario" description="Runs Cucumber Scenarios" data-provider="scenarios" finished-at="2023-07-12T16:14:22 GMT-04:00" duration-ms="3658" status="PASS">
          <params>
            <param index="0">
              <value>
                <![CDATA["The user is able to run code in Practice session of Array in python"]]>
              </value>
            </param>
            <param index="1">
              <value>
                <![CDATA["Optional[Test Array page]"]]>
              </value>
            </param>
          </params>
          <reporter-output>
          </reporter-output>
        </test-method> <!-- runScenario -->
        <test-method signature="runScenario(io.cucumber.testng.PickleWrapper,io.cucumber.testng.FeatureWrapper)[pri:0, instance:dsAlgo_TestRunner.TestRunner@2250b9f2]" started-at="2023-07-12T16:14:22 GMT-04:00" name="runScenario" description="Runs Cucumber Scenarios" data-provider="scenarios" finished-at="2023-07-12T16:14:27 GMT-04:00" duration-ms="4655" status="PASS">
          <params>
            <param index="0">
              <value>
                <![CDATA["The user is able to run code in Practice session of Array in python"]]>
              </value>
            </param>
            <param index="1">
              <value>
                <![CDATA["Optional[Test Array page]"]]>
              </value>
            </param>
          </params>
          <reporter-output>
          </reporter-output>
        </test-method> <!-- runScenario -->
        <test-method signature="runScenario(io.cucumber.testng.PickleWrapper,io.cucumber.testng.FeatureWrapper)[pri:0, instance:dsAlgo_TestRunner.TestRunner@2250b9f2]" started-at="2023-07-12T16:14:27 GMT-04:00" name="runScenario" description="Runs Cucumber Scenarios" data-provider="scenarios" finished-at="2023-07-12T16:14:32 GMT-04:00" duration-ms="4897" status="PASS">
          <params>
            <param index="0">
              <value>
                <![CDATA["The user is able to run code in tryEditor for Practice session of Array in python"]]>
              </value>
            </param>
            <param index="1">
              <value>
                <![CDATA["Optional[Test Array page]"]]>
              </value>
            </param>
          </params>
          <reporter-output>
          </reporter-output>
        </test-method> <!-- runScenario -->
        <test-method signature="runScenario(io.cucumber.testng.PickleWrapper,io.cucumber.testng.FeatureWrapper)[pri:0, instance:dsAlgo_TestRunner.TestRunner@2250b9f2]" started-at="2023-07-12T16:14:32 GMT-04:00" name="runScenario" description="Runs Cucumber Scenarios" data-provider="scenarios" finished-at="2023-07-12T16:14:36 GMT-04:00" duration-ms="3897" status="PASS">
          <params>
            <param index="0">
              <value>
                <![CDATA["The user is able to run code in tryEditor for Practice session of Array in python"]]>
              </value>
            </param>
            <param index="1">
              <value>
                <![CDATA["Optional[Test Array page]"]]>
              </value>
            </param>
          </params>
          <reporter-output>
          </reporter-output>
        </test-method> <!-- runScenario -->
        <test-method signature="runScenario(io.cucumber.testng.PickleWrapper,io.cucumber.testng.FeatureWrapper)[pri:0, instance:dsAlgo_TestRunner.TestRunner@2250b9f2]" started-at="2023-07-12T16:14:36 GMT-04:00" name="runScenario" description="Runs Cucumber Scenarios" data-provider="scenarios" finished-at="2023-07-12T16:14:40 GMT-04:00" duration-ms="4034" status="PASS">
          <params>
            <param index="0">
              <value>
                <![CDATA["The user is able to run code in tryEditor for Practice session of Array in python"]]>
              </value>
            </param>
            <param index="1">
              <value>
                <![CDATA["Optional[Test Array page]"]]>
              </value>
            </param>
          </params>
          <reporter-output>
          </reporter-output>
        </test-method> <!-- runScenario -->
        <test-method signature="runScenario(io.cucumber.testng.PickleWrapper,io.cucumber.testng.FeatureWrapper)[pri:0, instance:dsAlgo_TestRunner.TestRunner@2250b9f2]" started-at="2023-07-12T16:14:40 GMT-04:00" name="runScenario" description="Runs Cucumber Scenarios" data-provider="scenarios" finished-at="2023-07-12T16:14:44 GMT-04:00" duration-ms="4048" status="PASS">
          <params>
            <param index="0">
              <value>
                <![CDATA["The user is able to run code in tryEditor for Practice session of Array in python"]]>
              </value>
            </param>
            <param index="1">
              <value>
                <![CDATA["Optional[Test Array page]"]]>
              </value>
            </param>
          </params>
          <reporter-output>
          </reporter-output>
        </test-method> <!-- runScenario -->
        <test-method signature="runScenario(io.cucumber.testng.PickleWrapper,io.cucumber.testng.FeatureWrapper)[pri:0, instance:dsAlgo_TestRunner.TestRunner@2250b9f2]" started-at="2023-07-12T16:14:44 GMT-04:00" name="runScenario" description="Runs Cucumber Scenarios" data-provider="scenarios" finished-at="2023-07-12T16:14:48 GMT-04:00" duration-ms="3954" status="PASS">
          <params>
            <param index="0">
              <value>
                <![CDATA["The user is able to run invald code in tryEditor for Practice session of Array in python"]]>
              </value>
            </param>
            <param index="1">
              <value>
                <![CDATA["Optional[Test Array page]"]]>
              </value>
            </param>
          </params>
          <reporter-output>
          </reporter-output>
        </test-method> <!-- runScenario -->
        <test-method signature="runScenario(io.cucumber.testng.PickleWrapper,io.cucumber.testng.FeatureWrapper)[pri:0, instance:dsAlgo_TestRunner.TestRunner@2250b9f2]" started-at="2023-07-12T16:14:48 GMT-04:00" name="runScenario" description="Runs Cucumber Scenarios" data-provider="scenarios" finished-at="2023-07-12T16:14:52 GMT-04:00" duration-ms="4061" status="PASS">
          <params>
            <param index="0">
              <value>
                <![CDATA["The user is able to run invald code in tryEditor for Practice session of Array in python"]]>
              </value>
            </param>
            <param index="1">
              <value>
                <![CDATA["Optional[Test Array page]"]]>
              </value>
            </param>
          </params>
          <reporter-output>
          </reporter-output>
        </test-method> <!-- runScenario -->
        <test-method signature="runScenario(io.cucumber.testng.PickleWrapper,io.cucumber.testng.FeatureWrapper)[pri:0, instance:dsAlgo_TestRunner.TestRunner@2250b9f2]" started-at="2023-07-12T16:14:52 GMT-04:00" name="runScenario" description="Runs Cucumber Scenarios" data-provider="scenarios" finished-at="2023-07-12T16:14:56 GMT-04:00" duration-ms="3748" status="PASS">
          <params>
            <param index="0">
              <value>
                <![CDATA["The user is able to run invald code in tryEditor for Practice session of Array in python"]]>
              </value>
            </param>
            <param index="1">
              <value>
                <![CDATA["Optional[Test Array page]"]]>
              </value>
            </param>
          </params>
          <reporter-output>
          </reporter-output>
        </test-method> <!-- runScenario -->
        <test-method signature="runScenario(io.cucumber.testng.PickleWrapper,io.cucumber.testng.FeatureWrapper)[pri:0, instance:dsAlgo_TestRunner.TestRunner@2250b9f2]" started-at="2023-07-12T16:14:56 GMT-04:00" name="runScenario" description="Runs Cucumber Scenarios" data-provider="scenarios" finished-at="2023-07-12T16:15:00 GMT-04:00" duration-ms="4238" status="PASS">
          <params>
            <param index="0">
              <value>
                <![CDATA["The user is able to run invald code in tryEditor for Practice session of Array in python"]]>
              </value>
            </param>
            <param index="1">
              <value>
                <![CDATA["Optional[Test Array page]"]]>
              </value>
            </param>
          </params>
          <reporter-output>
          </reporter-output>
        </test-method> <!-- runScenario -->
        <test-method signature="runScenario(io.cucumber.testng.PickleWrapper,io.cucumber.testng.FeatureWrapper)[pri:0, instance:dsAlgo_TestRunner.TestRunner@2250b9f2]" started-at="2023-07-12T16:15:00 GMT-04:00" name="runScenario" description="Runs Cucumber Scenarios" data-provider="scenarios" finished-at="2023-07-12T16:15:01 GMT-04:00" duration-ms="885" status="PASS">
          <params>
            <param index="0">
              <value>
                <![CDATA["User selects the Linked List item and verifies the Page Title"]]>
              </value>
            </param>
            <param index="1">
              <value>
                <![CDATA["Optional[user validates the Linked List Page]"]]>
              </value>
            </param>
          </params>
          <reporter-output>
          </reporter-output>
        </test-method> <!-- runScenario -->
        <test-method signature="runScenario(io.cucumber.testng.PickleWrapper,io.cucumber.testng.FeatureWrapper)[pri:0, instance:dsAlgo_TestRunner.TestRunner@2250b9f2]" started-at="2023-07-12T16:15:01 GMT-04:00" name="runScenario" description="Runs Cucumber Scenarios" data-provider="scenarios" finished-at="2023-07-12T16:15:03 GMT-04:00" duration-ms="1615" status="PASS">
          <params>
            <param index="0">
              <value>
                <![CDATA["User checks each of the topics in Linked List with valid python code"]]>
              </value>
            </param>
            <param index="1">
              <value>
                <![CDATA["Optional[user validates the Linked List Page]"]]>
              </value>
            </param>
          </params>
          <reporter-output>
          </reporter-output>
        </test-method> <!-- runScenario -->
        <test-method signature="runScenario(io.cucumber.testng.PickleWrapper,io.cucumber.testng.FeatureWrapper)[pri:0, instance:dsAlgo_TestRunner.TestRunner@2250b9f2]" started-at="2023-07-12T16:15:03 GMT-04:00" name="runScenario" description="Runs Cucumber Scenarios" data-provider="scenarios" finished-at="2023-07-12T16:15:04 GMT-04:00" duration-ms="1553" status="PASS">
          <params>
            <param index="0">
              <value>
                <![CDATA["User checks each of the topics in Linked List with valid python code"]]>
              </value>
            </param>
            <param index="1">
              <value>
                <![CDATA["Optional[user validates the Linked List Page]"]]>
              </value>
            </param>
          </params>
          <reporter-output>
          </reporter-output>
        </test-method> <!-- runScenario -->
        <test-method signature="runScenario(io.cucumber.testng.PickleWrapper,io.cucumber.testng.FeatureWrapper)[pri:0, instance:dsAlgo_TestRunner.TestRunner@2250b9f2]" started-at="2023-07-12T16:15:04 GMT-04:00" name="runScenario" description="Runs Cucumber Scenarios" data-provider="scenarios" finished-at="2023-07-12T16:15:06 GMT-04:00" duration-ms="1935" status="PASS">
          <params>
            <param index="0">
              <value>
                <![CDATA["User checks each of the topics in Linked List with valid python code"]]>
              </value>
            </param>
            <param index="1">
              <value>
                <![CDATA["Optional[user validates the Linked List Page]"]]>
              </value>
            </param>
          </params>
          <reporter-output>
          </reporter-output>
        </test-method> <!-- runScenario -->
        <test-method signature="runScenario(io.cucumber.testng.PickleWrapper,io.cucumber.testng.FeatureWrapper)[pri:0, instance:dsAlgo_TestRunner.TestRunner@2250b9f2]" started-at="2023-07-12T16:15:06 GMT-04:00" name="runScenario" description="Runs Cucumber Scenarios" data-provider="scenarios" finished-at="2023-07-12T16:15:08 GMT-04:00" duration-ms="1520" status="PASS">
          <params>
            <param index="0">
              <value>
                <![CDATA["User checks each of the topics in Linked List with valid python code"]]>
              </value>
            </param>
            <param index="1">
              <value>
                <![CDATA["Optional[user validates the Linked List Page]"]]>
              </value>
            </param>
          </params>
          <reporter-output>
          </reporter-output>
        </test-method> <!-- runScenario -->
        <test-method signature="runScenario(io.cucumber.testng.PickleWrapper,io.cucumber.testng.FeatureWrapper)[pri:0, instance:dsAlgo_TestRunner.TestRunner@2250b9f2]" started-at="2023-07-12T16:15:08 GMT-04:00" name="runScenario" description="Runs Cucumber Scenarios" data-provider="scenarios" finished-at="2023-07-12T16:15:09 GMT-04:00" duration-ms="1497" status="PASS">
          <params>
            <param index="0">
              <value>
                <![CDATA["User checks each of the topics in Linked List with valid python code"]]>
              </value>
            </param>
            <param index="1">
              <value>
                <![CDATA["Optional[user validates the Linked List Page]"]]>
              </value>
            </param>
          </params>
          <reporter-output>
          </reporter-output>
        </test-method> <!-- runScenario -->
        <test-method signature="runScenario(io.cucumber.testng.PickleWrapper,io.cucumber.testng.FeatureWrapper)[pri:0, instance:dsAlgo_TestRunner.TestRunner@2250b9f2]" started-at="2023-07-12T16:15:09 GMT-04:00" name="runScenario" description="Runs Cucumber Scenarios" data-provider="scenarios" finished-at="2023-07-12T16:15:11 GMT-04:00" duration-ms="1982" status="PASS">
          <params>
            <param index="0">
              <value>
                <![CDATA["User checks each of the topics in Linked List with valid python code"]]>
              </value>
            </param>
            <param index="1">
              <value>
                <![CDATA["Optional[user validates the Linked List Page]"]]>
              </value>
            </param>
          </params>
          <reporter-output>
          </reporter-output>
        </test-method> <!-- runScenario -->
        <test-method signature="runScenario(io.cucumber.testng.PickleWrapper,io.cucumber.testng.FeatureWrapper)[pri:0, instance:dsAlgo_TestRunner.TestRunner@2250b9f2]" started-at="2023-07-12T16:15:11 GMT-04:00" name="runScenario" description="Runs Cucumber Scenarios" data-provider="scenarios" finished-at="2023-07-12T16:15:12 GMT-04:00" duration-ms="1424" status="PASS">
          <params>
            <param index="0">
              <value>
                <![CDATA["User checks each of the topics in Linked List with valid python code"]]>
              </value>
            </param>
            <param index="1">
              <value>
                <![CDATA["Optional[user validates the Linked List Page]"]]>
              </value>
            </param>
          </params>
          <reporter-output>
          </reporter-output>
        </test-method> <!-- runScenario -->
        <test-method signature="runScenario(io.cucumber.testng.PickleWrapper,io.cucumber.testng.FeatureWrapper)[pri:0, instance:dsAlgo_TestRunner.TestRunner@2250b9f2]" started-at="2023-07-12T16:15:12 GMT-04:00" name="runScenario" description="Runs Cucumber Scenarios" data-provider="scenarios" finished-at="2023-07-12T16:15:14 GMT-04:00" duration-ms="1540" status="PASS">
          <params>
            <param index="0">
              <value>
                <![CDATA["User checks each of the topics in Linked List with invalid python code"]]>
              </value>
            </param>
            <param index="1">
              <value>
                <![CDATA["Optional[user validates the Linked List Page]"]]>
              </value>
            </param>
          </params>
          <reporter-output>
          </reporter-output>
        </test-method> <!-- runScenario -->
        <test-method signature="runScenario(io.cucumber.testng.PickleWrapper,io.cucumber.testng.FeatureWrapper)[pri:0, instance:dsAlgo_TestRunner.TestRunner@2250b9f2]" started-at="2023-07-12T16:15:14 GMT-04:00" name="runScenario" description="Runs Cucumber Scenarios" data-provider="scenarios" finished-at="2023-07-12T16:15:16 GMT-04:00" duration-ms="2067" status="PASS">
          <params>
            <param index="0">
              <value>
                <![CDATA["User checks each of the topics in Linked List with invalid python code"]]>
              </value>
            </param>
            <param index="1">
              <value>
                <![CDATA["Optional[user validates the Linked List Page]"]]>
              </value>
            </param>
          </params>
          <reporter-output>
          </reporter-output>
        </test-method> <!-- runScenario -->
        <test-method signature="runScenario(io.cucumber.testng.PickleWrapper,io.cucumber.testng.FeatureWrapper)[pri:0, instance:dsAlgo_TestRunner.TestRunner@2250b9f2]" started-at="2023-07-12T16:15:16 GMT-04:00" name="runScenario" description="Runs Cucumber Scenarios" data-provider="scenarios" finished-at="2023-07-12T16:15:18 GMT-04:00" duration-ms="1378" status="PASS">
          <params>
            <param index="0">
              <value>
                <![CDATA["User checks each of the topics in Linked List with invalid python code"]]>
              </value>
            </param>
            <param index="1">
              <value>
                <![CDATA["Optional[user validates the Linked List Page]"]]>
              </value>
            </param>
          </params>
          <reporter-output>
          </reporter-output>
        </test-method> <!-- runScenario -->
        <test-method signature="runScenario(io.cucumber.testng.PickleWrapper,io.cucumber.testng.FeatureWrapper)[pri:0, instance:dsAlgo_TestRunner.TestRunner@2250b9f2]" started-at="2023-07-12T16:15:18 GMT-04:00" name="runScenario" description="Runs Cucumber Scenarios" data-provider="scenarios" finished-at="2023-07-12T16:15:19 GMT-04:00" duration-ms="1883" status="PASS">
          <params>
            <param index="0">
              <value>
                <![CDATA["User checks each of the topics in Linked List with invalid python code"]]>
              </value>
            </param>
            <param index="1">
              <value>
                <![CDATA["Optional[user validates the Linked List Page]"]]>
              </value>
            </param>
[...]
          <reporter-output>
          </reporter-output>
        </test-method> <!-- runScenario -->
        <test-method signature="runScenario(io.cucumber.testng.PickleWrapper,io.cucumber.testng.FeatureWrapper)[pri:0, instance:dsAlgo_TestRunner.TestRunner@2250b9f2]" started-at="2023-07-12T16:16:27 GMT-04:00" name="runScenario" description="Runs Cucumber Scenarios" data-provider="scenarios" finished-at="2023-07-12T16:16:28 GMT-04:00" duration-ms="1326" status="PASS">
          <params>
            <param index="0">
              <value>
                <![CDATA["The user is able to navigate to all options in tree page"]]>
              </value>
            </param>
            <param index="1">
              <value>
                <![CDATA["Optional[Test Tree Page]"]]>
              </value>
            </param>
          </params>
          <reporter-output>
          </reporter-output>
        </test-method> <!-- runScenario -->
        <test-method signature="runScenario(io.cucumber.testng.PickleWrapper,io.cucumber.testng.FeatureWrapper)[pri:0, instance:dsAlgo_TestRunner.TestRunner@2250b9f2]" started-at="2023-07-12T16:16:28 GMT-04:00" name="runScenario" description="Runs Cucumber Scenarios" data-provider="scenarios" finished-at="2023-07-12T16:16:29 GMT-04:00" duration-ms="1268" status="PASS">
          <params>
            <param index="0">
              <value>
                <![CDATA["The user is able to navigate to all options in tree page"]]>
              </value>
            </param>
            <param index="1">
              <value>
                <![CDATA["Optional[Test Tree Page]"]]>
              </value>
            </param>
          </params>
          <reporter-output>
          </reporter-output>
        </test-method> <!-- runScenario -->
        <test-method signature="runScenario(io.cucumber.testng.PickleWrapper,io.cucumber.testng.FeatureWrapper)[pri:0, instance:dsAlgo_TestRunner.TestRunner@2250b9f2]" started-at="2023-07-12T16:16:29 GMT-04:00" name="runScenario" description="Runs Cucumber Scenarios" data-provider="scenarios" finished-at="2023-07-12T16:16:31 GMT-04:00" duration-ms="1669" status="PASS">
          <params>
            <param index="0">
              <value>
                <![CDATA["The user is able to navigate to all options in tree page"]]>
              </value>
            </param>
            <param index="1">
              <value>
                <![CDATA["Optional[Test Tree Page]"]]>
              </value>
            </param>
          </params>
          <reporter-output>
          </reporter-output>
        </test-method> <!-- runScenario -->
        <test-method signature="runScenario(io.cucumber.testng.PickleWrapper,io.cucumber.testng.FeatureWrapper)[pri:0, instance:dsAlgo_TestRunner.TestRunner@2250b9f2]" started-at="2023-07-12T16:16:31 GMT-04:00" name="runScenario" description="Runs Cucumber Scenarios" data-provider="scenarios" finished-at="2023-07-12T16:16:32 GMT-04:00" duration-ms="1409" status="PASS">
          <params>
            <param index="0">
              <value>
                <![CDATA["The user is able to navigate to all options in tree page"]]>
              </value>
            </param>
            <param index="1">
              <value>
                <![CDATA["Optional[Test Tree Page]"]]>
              </value>
            </param>
          </params>
          <reporter-output>
          </reporter-output>
        </test-method> <!-- runScenario -->
        <test-method signature="runScenario(io.cucumber.testng.PickleWrapper,io.cucumber.testng.FeatureWrapper)[pri:0, instance:dsAlgo_TestRunner.TestRunner@2250b9f2]" started-at="2023-07-12T16:16:32 GMT-04:00" name="runScenario" description="Runs Cucumber Scenarios" data-provider="scenarios" finished-at="2023-07-12T16:16:34 GMT-04:00" duration-ms="1602" status="PASS">
          <params>
            <param index="0">
              <value>
                <![CDATA["The user is able to navigate to all options in tree page"]]>
              </value>
            </param>
            <param index="1">
              <value>
                <![CDATA["Optional[Test Tree Page]"]]>
              </value>
            </param>
          </params>
          <reporter-output>
          </reporter-output>
        </test-method> <!-- runScenario -->
        <test-method signature="runScenario(io.cucumber.testng.PickleWrapper,io.cucumber.testng.FeatureWrapper)[pri:0, instance:dsAlgo_TestRunner.TestRunner@2250b9f2]" started-at="2023-07-12T16:16:34 GMT-04:00" name="runScenario" description="Runs Cucumber Scenarios" data-provider="scenarios" finished-at="2023-07-12T16:16:37 GMT-04:00" duration-ms="3646" status="PASS">
          <params>
            <param index="0">
              <value>
                <![CDATA["The user is able tree run code in tryEditor"]]>
              </value>
            </param>
            <param index="1">
              <value>
                <![CDATA["Optional[Test Tree Page]"]]>
              </value>
            </param>
          </params>
          <reporter-output>
          </reporter-output>
        </test-method> <!-- runScenario -->
        <test-method signature="runScenario(io.cucumber.testng.PickleWrapper,io.cucumber.testng.FeatureWrapper)[pri:0, instance:dsAlgo_TestRunner.TestRunner@2250b9f2]" started-at="2023-07-12T16:16:37 GMT-04:00" name="runScenario" description="Runs Cucumber Scenarios" data-provider="scenarios" finished-at="2023-07-12T16:16:41 GMT-04:00" duration-ms="3021" status="PASS">
          <params>
            <param index="0">
              <value>
                <![CDATA["The user is able tree run code in tryEditor"]]>
              </value>
            </param>
            <param index="1">
              <value>
                <![CDATA["Optional[Test Tree Page]"]]>
              </value>
            </param>
          </params>
          <reporter-output>
          </reporter-output>
        </test-method> <!-- runScenario -->
        <test-method signature="runScenario(io.cucumber.testng.PickleWrapper,io.cucumber.testng.FeatureWrapper)[pri:0, instance:dsAlgo_TestRunner.TestRunner@2250b9f2]" started-at="2023-07-12T16:16:41 GMT-04:00" name="runScenario" description="Runs Cucumber Scenarios" data-provider="scenarios" finished-at="2023-07-12T16:16:43 GMT-04:00" duration-ms="2639" status="PASS">
          <params>
            <param index="0">
              <value>
                <![CDATA["The user is able tree run code in tryEditor"]]>
              </value>
            </param>
            <param index="1">
              <value>
                <![CDATA["Optional[Test Tree Page]"]]>
              </value>
            </param>
          </params>
          <reporter-output>
          </reporter-output>
        </test-method> <!-- runScenario -->
        <test-method signature="runScenario(io.cucumber.testng.PickleWrapper,io.cucumber.testng.FeatureWrapper)[pri:0, instance:dsAlgo_TestRunner.TestRunner@2250b9f2]" started-at="2023-07-12T16:16:43 GMT-04:00" name="runScenario" description="Runs Cucumber Scenarios" data-provider="scenarios" finished-at="2023-07-12T16:16:46 GMT-04:00" duration-ms="2862" status="PASS">
          <params>
            <param index="0">
              <value>
                <![CDATA["The user is able tree run code in tryEditor"]]>
              </value>
            </param>
            <param index="1">
              <value>
                <![CDATA["Optional[Test Tree Page]"]]>
              </value>
            </param>
          </params>
          <reporter-output>
          </reporter-output>
        </test-method> <!-- runScenario -->
        <test-method signature="runScenario(io.cucumber.testng.PickleWrapper,io.cucumber.testng.FeatureWrapper)[pri:0, instance:dsAlgo_TestRunner.TestRunner@2250b9f2]" started-at="2023-07-12T16:16:46 GMT-04:00" name="runScenario" description="Runs Cucumber Scenarios" data-provider="scenarios" finished-at="2023-07-12T16:16:49 GMT-04:00" duration-ms="3427" status="PASS">
          <params>
            <param index="0">
              <value>
                <![CDATA["The user is able tree run code in tryEditor"]]>
              </value>
            </param>
            <param index="1">
              <value>
                <![CDATA["Optional[Test Tree Page]"]]>
              </value>
            </param>
          </params>
          <reporter-output>
          </reporter-output>
        </test-method> <!-- runScenario -->
        <test-method signature="runScenario(io.cucumber.testng.PickleWrapper,io.cucumber.testng.FeatureWrapper)[pri:0, instance:dsAlgo_TestRunner.TestRunner@2250b9f2]" started-at="2023-07-12T16:16:49 GMT-04:00" name="runScenario" description="Runs Cucumber Scenarios" data-provider="scenarios" finished-at="2023-07-12T16:16:53 GMT-04:00" duration-ms="3265" status="PASS">
          <params>
            <param index="0">
              <value>
                <![CDATA["The user is able tree run code in tryEditor"]]>
              </value>
            </param>
            <param index="1">
              <value>
                <![CDATA["Optional[Test Tree Page]"]]>
              </value>
            </param>
          </params>
          <reporter-output>
          </reporter-output>
        </test-method> <!-- runScenario -->
        <test-method signature="runScenario(io.cucumber.testng.PickleWrapper,io.cucumber.testng.FeatureWrapper)[pri:0, instance:dsAlgo_TestRunner.TestRunner@2250b9f2]" started-at="2023-07-12T16:16:53 GMT-04:00" name="runScenario" description="Runs Cucumber Scenarios" data-provider="scenarios" finished-at="2023-07-12T16:16:56 GMT-04:00" duration-ms="2988" status="PASS">
          <params>
            <param index="0">
              <value>
                <![CDATA["The user is able run code in tryEditor"]]>
              </value>
            </param>
            <param index="1">
              <value>
                <![CDATA["Optional[Test Tree Page]"]]>
              </value>
            </param>
          </params>
          <reporter-output>
          </reporter-output>
        </test-method> <!-- runScenario -->
        <test-method signature="runScenario(io.cucumber.testng.PickleWrapper,io.cucumber.testng.FeatureWrapper)[pri:0, instance:dsAlgo_TestRunner.TestRunner@2250b9f2]" started-at="2023-07-12T16:16:56 GMT-04:00" name="runScenario" description="Runs Cucumber Scenarios" data-provider="scenarios" finished-at="2023-07-12T16:16:59 GMT-04:00" duration-ms="3139" status="PASS">
          <params>
            <param index="0">
              <value>
                <![CDATA["The user is able run code in tryEditor"]]>
              </value>
            </param>
            <param index="1">
              <value>
                <![CDATA["Optional[Test Tree Page]"]]>
              </value>
            </param>
          </params>
          <reporter-output>
          </reporter-output>
        </test-method> <!-- runScenario -->
        <test-method signature="runScenario(io.cucumber.testng.PickleWrapper,io.cucumber.testng.FeatureWrapper)[pri:0, instance:dsAlgo_TestRunner.TestRunner@2250b9f2]" started-at="2023-07-12T16:16:59 GMT-04:00" name="runScenario" description="Runs Cucumber Scenarios" data-provider="scenarios" finished-at="2023-07-12T16:17:02 GMT-04:00" duration-ms="2859" status="PASS">
          <params>
            <param index="0">
              <value>
                <![CDATA["The user is able run code in tryEditor"]]>
              </value>
            </param>
            <param index="1">
              <value>
                <![CDATA["Optional[Test Tree Page]"]]>
              </value>
            </param>
          </params>
          <reporter-output>
          </reporter-output>
        </test-method> <!-- runScenario -->
        <test-method signature="runScenario(io.cucumber.testng.PickleWrapper,io.cucumber.testng.FeatureWrapper)[pri:0, instance:dsAlgo_TestRunner.TestRunner@2250b9f2]" started-at="2023-07-12T16:17:02 GMT-04:00" name="runScenario" description="Runs Cucumber Scenarios" data-provider="scenarios" finished-at="2023-07-12T16:17:05 GMT-04:00" duration-ms="2669" status="PASS">
          <params>
            <param index="0">
              <value>
                <![CDATA["The user is able run code in tryEditor"]]>
              </value>
            </param>
            <param index="1">
              <value>
                <![CDATA["Optional[Test Tree Page]"]]>
              </value>
            </param>
          </params>
          <reporter-output>
          </reporter-output>
        </test-method> <!-- runScenario -->
        <test-method signature="runScenario(io.cucumber.testng.PickleWrapper,io.cucumber.testng.FeatureWrapper)[pri:0, instance:dsAlgo_TestRunner.TestRunner@2250b9f2]" started-at="2023-07-12T16:17:05 GMT-04:00" name="runScenario" description="Runs Cucumber Scenarios" data-provider="scenarios" finished-at="2023-07-12T16:17:08 GMT-04:00" duration-ms="3064" status="PASS">
          <params>
            <param index="0">
              <value>
                <![CDATA["The user is able run code in tryEditor"]]>
              </value>
            </param>
            <param index="1">
              <value>
                <![CDATA["Optional[Test Tree Page]"]]>
              </value>
            </param>
          </params>
          <reporter-output>
          </reporter-output>
        </test-method> <!-- runScenario -->
        <test-method signature="runScenario(io.cucumber.testng.PickleWrapper,io.cucumber.testng.FeatureWrapper)[pri:0, instance:dsAlgo_TestRunner.TestRunner@2250b9f2]" started-at="2023-07-12T16:17:08 GMT-04:00" name="runScenario" description="Runs Cucumber Scenarios" data-provider="scenarios" finished-at="2023-07-12T16:17:11 GMT-04:00" duration-ms="2928" status="PASS">
          <params>
            <param index="0">
              <value>
                <![CDATA["The user is able run code in tryEditor"]]>
              </value>
            </param>
            <param index="1">
              <value>
                <![CDATA["Optional[Test Tree Page]"]]>
              </value>
            </param>
          </params>
          <reporter-output>
          </reporter-output>
        </test-method> <!-- runScenario -->
        <test-method signature="runScenario(io.cucumber.testng.PickleWrapper,io.cucumber.testng.FeatureWrapper)[pri:0, instance:dsAlgo_TestRunner.TestRunner@2250b9f2]" started-at="2023-07-12T16:17:11 GMT-04:00" name="runScenario" description="Runs Cucumber Scenarios" data-provider="scenarios" finished-at="2023-07-12T16:17:11 GMT-04:00" duration-ms="819" status="PASS">
          <params>
            <param index="0">
              <value>
                <![CDATA["The user is able to navigate to Practice page"]]>
              </value>
            </param>
            <param index="1">
              <value>
                <![CDATA["Optional[Test Tree Page]"]]>
              </value>
            </param>
          </params>
          <reporter-output>
          </reporter-output>
        </test-method> <!-- runScenario -->
        <test-method signature="runScenario(io.cucumber.testng.PickleWrapper,io.cucumber.testng.FeatureWrapper)[pri:0, instance:dsAlgo_TestRunner.TestRunner@2250b9f2]" started-at="2023-07-12T16:17:11 GMT-04:00" name="runScenario" description="Runs Cucumber Scenarios" data-provider="scenarios" finished-at="2023-07-12T16:17:12 GMT-04:00" duration-ms="652" status="PASS">
          <params>
            <param index="0">
              <value>
                <![CDATA["User selects the Graph item and verifies the Page Title"]]>
              </value>
            </param>
            <param index="1">
              <value>
                <![CDATA["Optional[user validates the Linked List Page]"]]>
              </value>
            </param>
          </params>
          <reporter-output>
          </reporter-output>
        </test-method> <!-- runScenario -->
        <test-method signature="runScenario(io.cucumber.testng.PickleWrapper,io.cucumber.testng.FeatureWrapper)[pri:0, instance:dsAlgo_TestRunner.TestRunner@2250b9f2]" started-at="2023-07-12T16:17:12 GMT-04:00" name="runScenario" description="Runs Cucumber Scenarios" data-provider="scenarios" finished-at="2023-07-12T16:17:13 GMT-04:00" duration-ms="1450" status="PASS">
          <params>
            <param index="0">
              <value>
                <![CDATA["User checks each of the topics in Graph with valid python code"]]>
              </value>
            </param>
            <param index="1">
              <value>
                <![CDATA["Optional[user validates the Linked List Page]"]]>
              </value>
            </param>
          </params>
          <reporter-output>
          </reporter-output>
        </test-method> <!-- runScenario -->
        <test-method signature="runScenario(io.cucumber.testng.PickleWrapper,io.cucumber.testng.FeatureWrapper)[pri:0, instance:dsAlgo_TestRunner.TestRunner@2250b9f2]" started-at="2023-07-12T16:17:13 GMT-04:00" name="runScenario" description="Runs Cucumber Scenarios" data-provider="scenarios" finished-at="2023-07-12T16:17:15 GMT-04:00" duration-ms="1372" status="PASS">
          <params>
            <param index="0">
              <value>
                <![CDATA["User checks each of the topics in Graph with valid python code"]]>
              </value>
            </param>
            <param index="1">
              <value>
                <![CDATA["Optional[user validates the Linked List Page]"]]>
              </value>
            </param>
          </params>
          <reporter-output>
          </reporter-output>
        </test-method> <!-- runScenario -->
        <test-method signature="runScenario(io.cucumber.testng.PickleWrapper,io.cucumber.testng.FeatureWrapper)[pri:0, instance:dsAlgo_TestRunner.TestRunner@2250b9f2]" started-at="2023-07-12T16:17:15 GMT-04:00" name="runScenario" description="Runs Cucumber Scenarios" data-provider="scenarios" finished-at="2023-07-12T16:17:16 GMT-04:00" duration-ms="1378" status="PASS">
          <params>
            <param index="0">
              <value>
                <![CDATA["User checks each of the topics in Graph with invalid python code"]]>
              </value>
            </param>
            <param index="1">
              <value>
                <![CDATA["Optional[user validates the Linked List Page]"]]>
              </value>
            </param>
          </params>
          <reporter-output>
          </reporter-output>
        </test-method> <!-- runScenario -->
        <test-method signature="runScenario(io.cucumber.testng.PickleWrapper,io.cucumber.testng.FeatureWrapper)[pri:0, instance:dsAlgo_TestRunner.TestRunner@2250b9f2]" started-at="2023-07-12T16:17:16 GMT-04:00" name="runScenario" description="Runs Cucumber Scenarios" data-provider="scenarios" finished-at="2023-07-12T16:17:18 GMT-04:00" duration-ms="1318" status="PASS">
          <params>
            <param index="0">
              <value>
                <![CDATA["User checks each of the topics in Graph with invalid python code"]]>
              </value>
            </param>
            <param index="1">
              <value>
                <![CDATA["Optional[user validates the Linked List Page]"]]>
              </value>
            </param>
          </params>
          <reporter-output>
          </reporter-output>
        </test-method> <!-- runScenario -->
        <test-method is-config="true" signature="tearDownClass()[pri:0, instance:dsAlgo_TestRunner.TestRunner@2250b9f2]" started-at="2023-07-12T16:17:18 GMT-04:00" name="tearDownClass" finished-at="2023-07-12T16:17:41 GMT-04:00" duration-ms="22911" status="PASS">
          <reporter-output>
          </reporter-output>
        </test-method> <!-- tearDownClass -->
      </class> <!-- dsAlgo_TestRunner.TestRunner -->
    </test> <!-- Default test -->
  </suite> <!-- Default suite -->
</testng-results>
