<?xml version="1.0" encoding="UTF-8"?>
<!-- Generated by org.testng.reporters.JUnitReportReporter -->
<testsuite hostname="DESKTOP-89HMT6O" failures="0" tests="154" name="dsAlgo_TestRunner.TestRunner" time="296.996" errors="1" timestamp="2023-07-12T15:13:53 GMT-04:00" skipped="0">
  <testcase classname="dsAlgo_TestRunner.TestRunner" name="runScenario" time="0.602"/>
  <testcase classname="dsAlgo_TestRunner.TestRunner" name="runScenario" time="0.525"/>
  <testcase classname="dsAlgo_TestRunner.TestRunner" name="runScenario" time="1.463"/>
  <testcase classname="dsAlgo_TestRunner.TestRunner" name="runScenario" time="0.893"/>
  <testcase classname="dsAlgo_TestRunner.TestRunner" name="runScenario" time="2.437"/>
  <testcase classname="dsAlgo_TestRunner.TestRunner" name="runScenario" time="1.062"/>
  <testcase classname="dsAlgo_TestRunner.TestRunner" name="runScenario" time="1.235"/>
  <testcase classname="dsAlgo_TestRunner.TestRunner" name="runScenario" time="0.921"/>
  <testcase classname="dsAlgo_TestRunner.TestRunner" name="runScenario" time="1.526"/>
  <testcase classname="dsAlgo_TestRunner.TestRunner" name="runScenario" time="1.123"/>
  <testcase classname="dsAlgo_TestRunner.TestRunner" name="runScenario" time="0.582"/>
  <testcase classname="dsAlgo_TestRunner.TestRunner" name="runScenario" time="1.045"/>
  <testcase classname="dsAlgo_TestRunner.TestRunner" name="runScenario" time="4.088"/>
  <testcase classname="dsAlgo_TestRunner.TestRunner" name="runScenario" time="0.917"/>
  <testcase classname="dsAlgo_TestRunner.TestRunner" name="runScenario" time="0.569"/>
  <testcase classname="dsAlgo_TestRunner.TestRunner" name="runScenario" time="1.515"/>
  <testcase classname="dsAlgo_TestRunner.TestRunner" name="runScenario" time="5.605"/>
  <testcase classname="dsAlgo_TestRunner.TestRunner" name="runScenario" time="0.749"/>
  <testcase classname="dsAlgo_TestRunner.TestRunner" name="runScenario" time="4.127"/>
  <testcase classname="dsAlgo_TestRunner.TestRunner" name="runScenario" time="2.546"/>
  <testcase classname="dsAlgo_TestRunner.TestRunner" name="runScenario" time="1.277"/>
  <testcase classname="dsAlgo_TestRunner.TestRunner" name="runScenario" time="4.018"/>
  <testcase classname="dsAlgo_TestRunner.TestRunner" name="runScenario" time="3.927"/>
  <testcase classname="dsAlgo_TestRunner.TestRunner" name="runScenario" time="1.349"/>
  <testcase classname="dsAlgo_TestRunner.TestRunner" name="runScenario" time="0.983"/>
  <testcase classname="dsAlgo_TestRunner.TestRunner" name="runScenario" time="0.248"/>
  <testcase classname="dsAlgo_TestRunner.TestRunner" name="runScenario" time="1.358"/>
  <testcase classname="dsAlgo_TestRunner.TestRunner" name="runScenario" time="0.737"/>
  <testcase classname="dsAlgo_TestRunner.TestRunner" name="runScenario" time="1.387"/>
  <testcase classname="dsAlgo_TestRunner.TestRunner" name="runScenario" time="1.522"/>
  <testcase classname="dsAlgo_TestRunner.TestRunner" name="runScenario" time="0.786"/>
  <testcase classname="dsAlgo_TestRunner.TestRunner" name="runScenario" time="1.302"/>
  <testcase classname="dsAlgo_TestRunner.TestRunner" name="runScenario" time="2.661"/>
  <testcase classname="dsAlgo_TestRunner.TestRunner" name="runScenario" time="2.631"/>
  <testcase classname="dsAlgo_TestRunner.TestRunner" name="runScenario" time="0.726"/>
  <testcase classname="dsAlgo_TestRunner.TestRunner" name="runScenario" time="1.469"/>
  <testcase classname="dsAlgo_TestRunner.TestRunner" name="runScenario" time="1.402"/>
  <testcase classname="dsAlgo_TestRunner.TestRunner" name="runScenario" time="2.917"/>
  <testcase classname="dsAlgo_TestRunner.TestRunner" name="runScenario" time="3.740"/>
  <testcase classname="dsAlgo_TestRunner.TestRunner" name="runScenario" time="4.178"/>
  <testcase classname="dsAlgo_TestRunner.TestRunner" name="runScenario" time="2.904"/>
  <testcase classname="dsAlgo_TestRunner.TestRunner" name="runScenario" time="1.222"/>
  <testcase classname="dsAlgo_TestRunner.TestRunner" name="runScenario" time="0.795"/>
  <testcase classname="dsAlgo_TestRunner.TestRunner" name="runScenario" time="1.054"/>
  <testcase classname="dsAlgo_TestRunner.TestRunner" name="runScenario" time="0.293"/>
  <testcase classname="dsAlgo_TestRunner.TestRunner" name="runScenario" time="0.950"/>
  <testcase classname="dsAlgo_TestRunner.TestRunner" name="runScenario" time="3.666"/>
  <testcase classname="dsAlgo_TestRunner.TestRunner" name="runScenario" time="2.390"/>
  <testcase classname="dsAlgo_TestRunner.TestRunner" name="runScenario" time="1.798"/>
  <testcase classname="dsAlgo_TestRunner.TestRunner" name="runScenario" time="1.399"/>
  <testcase classname="dsAlgo_TestRunner.TestRunner" name="runScenario" time="0.830"/>
  <testcase classname="dsAlgo_TestRunner.TestRunner" name="runScenario" time="4.295"/>
  <testcase classname="dsAlgo_TestRunner.TestRunner" name="runScenario" time="0.971"/>
  <testcase classname="dsAlgo_TestRunner.TestRunner" name="runScenario" time="3.720"/>
  <testcase classname="dsAlgo_TestRunner.TestRunner" name="runScenario" time="1.838"/>
  <testcase classname="dsAlgo_TestRunner.TestRunner" name="runScenario" time="3.207"/>
  <testcase classname="dsAlgo_TestRunner.TestRunner" name="runScenario" time="0.774"/>
  <testcase classname="dsAlgo_TestRunner.TestRunner" name="runScenario" time="6.833"/>
  <testcase classname="dsAlgo_TestRunner.TestRunner" name="runScenario" time="1.424"/>
  <testcase classname="dsAlgo_TestRunner.TestRunner" name="runScenario" time="2.780"/>
  <testcase classname="dsAlgo_TestRunner.TestRunner" name="runScenario" time="0.292"/>
  <testcase classname="dsAlgo_TestRunner.TestRunner" name="runScenario" time="1.191"/>
  <testcase classname="dsAlgo_TestRunner.TestRunner" name="runScenario" time="0.205"/>
  <testcase classname="dsAlgo_TestRunner.TestRunner" name="runScenario" time="1.078"/>
  <testcase classname="dsAlgo_TestRunner.TestRunner" name="runScenario" time="0.511"/>
  <testcase classname="dsAlgo_TestRunner.TestRunner" name="runScenario" time="2.108"/>
  <testcase classname="dsAlgo_TestRunner.TestRunner" name="runScenario" time="1.010"/>
  <testcase classname="dsAlgo_TestRunner.TestRunner" name="runScenario" time="0.650"/>
  <testcase classname="dsAlgo_TestRunner.TestRunner" name="runScenario" time="1.651"/>
  <testcase classname="dsAlgo_TestRunner.TestRunner" name="runScenario" time="0.604"/>
  <testcase classname="dsAlgo_TestRunner.TestRunner" name="runScenario" time="4.263"/>
  <testcase classname="dsAlgo_TestRunner.TestRunner" name="runScenario" time="1.227"/>
  <testcase classname="dsAlgo_TestRunner.TestRunner" name="runScenario" time="0.880"/>
  <testcase classname="dsAlgo_TestRunner.TestRunner" name="runScenario" time="1.272"/>
  <testcase classname="dsAlgo_TestRunner.TestRunner" name="runScenario" time="1.980"/>
  <testcase classname="dsAlgo_TestRunner.TestRunner" name="runScenario" time="3.897"/>
  <testcase classname="dsAlgo_TestRunner.TestRunner" name="runScenario" time="1.040"/>
  <testcase classname="dsAlgo_TestRunner.TestRunner" name="runScenario" time="1.014"/>
  <testcase classname="dsAlgo_TestRunner.TestRunner" name="runScenario" time="0.971"/>
  <testcase classname="dsAlgo_TestRunner.TestRunner" name="runScenario" time="4.156"/>
  <testcase classname="dsAlgo_TestRunner.TestRunner" name="runScenario" time="4.175"/>
  <testcase classname="dsAlgo_TestRunner.TestRunner" name="runScenario" time="1.756"/>
  <testcase classname="dsAlgo_TestRunner.TestRunner" name="runScenario" time="1.653"/>
  <testcase classname="dsAlgo_TestRunner.TestRunner" name="runScenario" time="3.044"/>
  <testcase classname="dsAlgo_TestRunner.TestRunner" name="runScenario" time="0.715"/>
  <testcase classname="dsAlgo_TestRunner.TestRunner" name="runScenario" time="3.753"/>
  <testcase classname="dsAlgo_TestRunner.TestRunner" name="runScenario" time="2.917"/>
  <testcase classname="dsAlgo_TestRunner.TestRunner" name="runScenario" time="3.321"/>
  <testcase classname="dsAlgo_TestRunner.TestRunner" name="runScenario" time="7.934"/>
  <testcase classname="dsAlgo_TestRunner.TestRunner" name="runScenario" time="0.820"/>
  <testcase classname="dsAlgo_TestRunner.TestRunner" name="runScenario" time="1.541"/>
  <testcase classname="dsAlgo_TestRunner.TestRunner" name="runScenario" time="2.952"/>
  <testcase classname="dsAlgo_TestRunner.TestRunner" name="runScenario" time="3.997"/>
  <testcase classname="dsAlgo_TestRunner.TestRunner" name="runScenario" time="0.830"/>
  <testcase classname="dsAlgo_TestRunner.TestRunner" name="runScenario" time="0.975"/>
  <testcase classname="dsAlgo_TestRunner.TestRunner" name="runScenario" time="4.286"/>
  <testcase classname="dsAlgo_TestRunner.TestRunner" name="runScenario" time="1.033"/>
  <testcase classname="dsAlgo_TestRunner.TestRunner" name="runScenario" time="2.642"/>
  <testcase classname="dsAlgo_TestRunner.TestRunner" name="runScenario" time="0.653"/>
  <testcase classname="dsAlgo_TestRunner.TestRunner" name="runScenario" time="2.762"/>
  <testcase classname="dsAlgo_TestRunner.TestRunner" name="runScenario" time="1.459"/>
  <testcase classname="dsAlgo_TestRunner.TestRunner" name="runScenario" time="0.633"/>
  <testcase classname="dsAlgo_TestRunner.TestRunner" name="runScenario" time="2.703"/>
  <testcase classname="dsAlgo_TestRunner.TestRunner" name="runScenario" time="2.267"/>
  <testcase classname="dsAlgo_TestRunner.TestRunner" name="runScenario" time="2.104"/>
  <testcase classname="dsAlgo_TestRunner.TestRunner" name="runScenario" time="12.528">
    <error message="element not interactable
  (Session info: chrome=114.0.5735.199)
Build info: version: &#039;4.9.1&#039;, revision: &#039;eb2032df7f&#039;
System info: os.name: &#039;Windows 11&#039;, os.arch: &#039;amd64&#039;, os.version: &#039;10.0&#039;, java.version: &#039;17.0.7&#039;
Driver info: org.openqa.selenium.chrome.ChromeDriver
Command: [0de8eb0812cf70a36d354f0a5c75f6fd, sendKeysToElement {id=E0C1B55DA0A916C909C0F3155C880827_element_1347, value=[Ljava.lang.CharSequence;@17b255ff}]
Capabilities {acceptInsecureCerts: false, browserName: chrome, browserVersion: 114.0.5735.199, chrome: {chromedriverVersion: 114.0.5735.90 (386bc09e8f4f..., userDataDir: C:\Users\Viru\AppData\Local...}, goog:chromeOptions: {debuggerAddress: localhost:53524}, networkConnectionEnabled: false, pageLoadStrategy: normal, platformName: windows, proxy: Proxy(), se:cdp: ws://localhost:53524/devtoo..., se:cdpVersion: 114.0.5735.199, setWindowRect: true, strictFileInteractability: false, timeouts: {implicit: 0, pageLoad: 300000, script: 30000}, unhandledPromptBehavior: dismiss and notify, webauthn:extension:credBlob: true, webauthn:extension:largeBlob: true, webauthn:extension:minPinLength: true, webauthn:extension:prf: true, webauthn:virtualAuthenticators: true}
Element: [[ChromeDriver: chrome on windows (0de8eb0812cf70a36d354f0a5c75f6fd)] -&gt; xpath: //*[@id=&#039;answer_form&#039;]/div/div/div[1]/textarea]
Session ID: 0de8eb0812cf70a36d354f0a5c75f6fd" type="org.openqa.selenium.ElementNotInteractableException">
      <![CDATA[org.openqa.selenium.ElementNotInteractableException: element not interactable
  (Session info: chrome=114.0.5735.199)
Build info: version: '4.9.1', revision: 'eb2032df7f'
System info: os.name: 'Windows 11', os.arch: 'amd64', os.version: '10.0', java.version: '17.0.7'
Driver info: org.openqa.selenium.chrome.ChromeDriver
Command: [0de8eb0812cf70a36d354f0a5c75f6fd, sendKeysToElement {id=E0C1B55DA0A916C909C0F3155C880827_element_1347, value=[Ljava.lang.CharSequence;@17b255ff}]
Capabilities {acceptInsecureCerts: false, browserName: chrome, browserVersion: 114.0.5735.199, chrome: {chromedriverVersion: 114.0.5735.90 (386bc09e8f4f..., userDataDir: C:\Users\Viru\AppData\Local...}, goog:chromeOptions: {debuggerAddress: localhost:53524}, networkConnectionEnabled: false, pageLoadStrategy: normal, platformName: windows, proxy: Proxy(), se:cdp: ws://localhost:53524/devtoo..., se:cdpVersion: 114.0.5735.199, setWindowRect: true, strictFileInteractability: false, timeouts: {implicit: 0, pageLoad: 300000, script: 30000}, unhandledPromptBehavior: dismiss and notify, webauthn:extension:credBlob: true, webauthn:extension:largeBlob: true, webauthn:extension:minPinLength: true, webauthn:extension:prf: true, webauthn:virtualAuthenticators: true}
Element: [[ChromeDriver: chrome on windows (0de8eb0812cf70a36d354f0a5c75f6fd)] -> xpath: //*[@id='answer_form']/div/div/div[1]/textarea]
Session ID: 0de8eb0812cf70a36d354f0a5c75f6fd
at java.base/jdk.internal.reflect.NativeConstructorAccessorImpl.newInstance0(Native Method)
at java.base/jdk.internal.reflect.NativeConstructorAccessorImpl.newInstance(NativeConstructorAccessorImpl.java:77)
at java.base/jdk.internal.reflect.DelegatingConstructorAccessorImpl.newInstance(DelegatingConstructorAccessorImpl.java:45)
at java.base/java.lang.reflect.Constructor.newInstanceWithCaller(Constructor.java:499)
at java.base/java.lang.reflect.Constructor.newInstance(Constructor.java:480)
at org.openqa.selenium.remote.codec.w3c.W3CHttpResponseCodec.createException(W3CHttpResponseCodec.java:200)
at org.openqa.selenium.remote.codec.w3c.W3CHttpResponseCodec.decode(W3CHttpResponseCodec.java:133)
at org.openqa.selenium.remote.codec.w3c.W3CHttpResponseCodec.decode(W3CHttpResponseCodec.java:53)
at org.openqa.selenium.remote.HttpCommandExecutor.execute(HttpCommandExecutor.java:193)
at org.openqa.selenium.remote.service.DriverCommandExecutor.invokeExecute(DriverCommandExecutor.java:183)
at org.openqa.selenium.remote.service.DriverCommandExecutor.execute(DriverCommandExecutor.java:158)
at org.openqa.selenium.remote.RemoteWebDriver.execute(RemoteWebDriver.java:543)
at org.openqa.selenium.remote.RemoteWebElement.execute(RemoteWebElement.java:257)
at org.openqa.selenium.remote.RemoteWebElement.sendKeys(RemoteWebElement.java:113)
at jdk.internal.reflect.GeneratedMethodAccessor201.invoke(Unknown Source)
at java.base/jdk.internal.reflect.DelegatingMethodAccessorImpl.invoke(DelegatingMethodAccessorImpl.java:43)
at java.base/java.lang.reflect.Method.invoke(Method.java:568)
at org.openqa.selenium.support.pagefactory.internal.LocatingElementHandler.invoke(LocatingElementHandler.java:52)
at jdk.proxy2/jdk.proxy2.$Proxy44.sendKeys(Unknown Source)
at dsAlgo_PageObject.GLinkedListPage.inValidPythonCode(GLinkedListPage.java:96)
at dsAlgo_StepDefinition.GLinkedListpage_SD.the_user_select_any_dropdown_menu_and_verifies_the_tryeditor_page_with_the_invalid_python_code_for_each_option_and(GLinkedListpage_SD.java:83)
at âœ½.The user select all option "Traversal" and Verifies the tryeditor Page with the Invalid python code for each option  "LLTLinkedList" and 1(file:///C:/Users/Viru/Desktop/Projects/DsAlgo_Final-master/src/test/resources/Features/GLinkedListPage.feature:33)
]]>
    </error>
  </testcase> <!-- runScenario -->
  <testcase classname="dsAlgo_TestRunner.TestRunner" name="runScenario" time="4.561"/>
  <testcase classname="dsAlgo_TestRunner.TestRunner" name="runScenario" time="0.976"/>
  <testcase classname="dsAlgo_TestRunner.TestRunner" name="runScenario" time="4.955"/>
  <testcase classname="dsAlgo_TestRunner.TestRunner" name="runScenario" time="0.327"/>
  <testcase classname="dsAlgo_TestRunner.TestRunner" name="runScenario" time="2.137"/>
  <testcase classname="dsAlgo_TestRunner.TestRunner" name="runScenario" time="1.364"/>
  <testcase classname="dsAlgo_TestRunner.TestRunner" name="runScenario" time="1.811"/>
  <testcase classname="dsAlgo_TestRunner.TestRunner" name="runScenario" time="0.718"/>
  <testcase classname="dsAlgo_TestRunner.TestRunner" name="runScenario" time="2.319"/>
  <testcase classname="dsAlgo_TestRunner.TestRunner" name="runScenario" time="1.340"/>
  <testcase classname="dsAlgo_TestRunner.TestRunner" name="runScenario" time="0.939"/>
  <testcase classname="dsAlgo_TestRunner.TestRunner" name="runScenario" time="0.295"/>
  <testcase classname="dsAlgo_TestRunner.TestRunner" name="runScenario" time="1.347"/>
  <testcase classname="dsAlgo_TestRunner.TestRunner" name="runScenario" time="0.574"/>
  <testcase classname="dsAlgo_TestRunner.TestRunner" name="runScenario" time="1.301"/>
  <testcase classname="dsAlgo_TestRunner.TestRunner" name="runScenario" time="1.307"/>
  <testcase classname="dsAlgo_TestRunner.TestRunner" name="runScenario" time="0.289"/>
  <testcase classname="dsAlgo_TestRunner.TestRunner" name="runScenario" time="3.977"/>
  <testcase classname="dsAlgo_TestRunner.TestRunner" name="runScenario" time="1.181"/>
  <testcase classname="dsAlgo_TestRunner.TestRunner" name="runScenario" time="1.127"/>
  <testcase classname="dsAlgo_TestRunner.TestRunner" name="runScenario" time="1.363"/>
  <testcase classname="dsAlgo_TestRunner.TestRunner" name="runScenario" time="1.537"/>
  <testcase classname="dsAlgo_TestRunner.TestRunner" name="runScenario" time="0.552"/>
  <testcase classname="dsAlgo_TestRunner.TestRunner" name="runScenario" time="2.045"/>
  <testcase classname="dsAlgo_TestRunner.TestRunner" name="runScenario" time="0.607"/>
  <testcase classname="dsAlgo_TestRunner.TestRunner" name="runScenario" time="0.801"/>
  <testcase classname="dsAlgo_TestRunner.TestRunner" name="runScenario" time="1.265"/>
  <testcase classname="dsAlgo_TestRunner.TestRunner" name="runScenario" time="1.094"/>
  <testcase classname="dsAlgo_TestRunner.TestRunner" name="runScenario" time="1.028"/>
  <testcase classname="dsAlgo_TestRunner.TestRunner" name="runScenario" time="1.186"/>
  <testcase classname="dsAlgo_TestRunner.TestRunner" name="runScenario" time="3.733"/>
  <testcase classname="dsAlgo_TestRunner.TestRunner" name="runScenario" time="1.077"/>
  <testcase classname="dsAlgo_TestRunner.TestRunner" name="runScenario" time="0.766"/>
  <testcase classname="dsAlgo_TestRunner.TestRunner" name="runScenario" time="2.397"/>
  <testcase classname="dsAlgo_TestRunner.TestRunner" name="runScenario" time="1.718"/>
  <testcase classname="dsAlgo_TestRunner.TestRunner" name="runScenario" time="1.055"/>
  <testcase classname="dsAlgo_TestRunner.TestRunner" name="runScenario" time="1.439"/>
  <testcase classname="dsAlgo_TestRunner.TestRunner" name="runScenario" time="2.804"/>
  <testcase classname="dsAlgo_TestRunner.TestRunner" name="runScenario" time="1.819"/>
  <testcase classname="dsAlgo_TestRunner.TestRunner" name="runScenario" time="1.453"/>
  <testcase classname="dsAlgo_TestRunner.TestRunner" name="runScenario" time="1.082"/>
  <testcase classname="dsAlgo_TestRunner.TestRunner" name="runScenario" time="0.890"/>
  <testcase classname="dsAlgo_TestRunner.TestRunner" name="runScenario" time="3.810"/>
  <testcase classname="dsAlgo_TestRunner.TestRunner" name="runScenario" time="1.179"/>
  <testcase classname="dsAlgo_TestRunner.TestRunner" name="runScenario" time="2.408"/>
  <testcase classname="dsAlgo_TestRunner.TestRunner" name="runScenario" time="3.986"/>
  <testcase classname="dsAlgo_TestRunner.TestRunner" name="runScenario" time="1.312"/>
  <testcase classname="dsAlgo_TestRunner.TestRunner" name="runScenario" time="1.001"/>
</testsuite> <!-- dsAlgo_TestRunner.TestRunner -->
